{"C:\\Users\\user\\Desktop\\MyZubster\\MyZubster\\backend\\src\\seed.js": {"path":"C:\\Users\\user\\Desktop\\MyZubster\\MyZubster\\backend\\src\\seed.js","statementMap":{"0":{"start":{"line":1,"column":17},"end":{"line":1,"column":36}},"1":{"start":{"line":2,"column":14},"end":{"line":2,"column":39}},"2":{"start":{"line":3,"column":0},"end":{"line":3,"column":82}},"3":{"start":{"line":5,"column":17},"end":{"line":5,"column":81}},"4":{"start":{"line":8,"column":4},"end":{"line":39,"column":5}},"5":{"start":{"line":9,"column":8},"end":{"line":9,"column":41}},"6":{"start":{"line":10,"column":8},"end":{"line":10,"column":44}},"7":{"start":{"line":17,"column":26},"end":{"line":29,"column":10}},"8":{"start":{"line":31,"column":8},"end":{"line":31,"column":31}},"9":{"start":{"line":32,"column":8},"end":{"line":32,"column":61}},"10":{"start":{"line":33,"column":8},"end":{"line":33,"column":31}},"11":{"start":{"line":35,"column":8},"end":{"line":35,"column":24}},"12":{"start":{"line":37,"column":8},"end":{"line":37,"column":42}},"13":{"start":{"line":38,"column":8},"end":{"line":38,"column":24}},"14":{"start":{"line":42,"column":0},"end":{"line":42,"column":15}}},"fnMap":{"0":{"name":"seedDatabase","decl":{"start":{"line":7,"column":15},"end":{"line":7,"column":27}},"loc":{"start":{"line":7,"column":30},"end":{"line":40,"column":1}},"line":7}},"branchMap":{"0":{"loc":{"start":{"line":5,"column":17},"end":{"line":5,"column":81}},"type":"binary-expr","locations":[{"start":{"line":5,"column":17},"end":{"line":5,"column":40}},{"start":{"line":5,"column":44},"end":{"line":5,"column":81}}],"line":5}},"s":{"0":0,"1":0,"2":0,"3":0,"4":0,"5":0,"6":0,"7":0,"8":0,"9":0,"10":0,"11":0,"12":0,"13":0,"14":0},"f":{"0":0},"b":{"0":[0,0]}}
,"C:\\Users\\user\\Desktop\\MyZubster\\MyZubster\\backend\\src\\api\\v1\\bookings.js": {"path":"C:\\Users\\user\\Desktop\\MyZubster\\MyZubster\\backend\\src\\api\\v1\\bookings.js","statementMap":{"0":{"start":{"line":1,"column":16},"end":{"line":1,"column":34}},"1":{"start":{"line":2,"column":15},"end":{"line":2,"column":31}},"2":{"start":{"line":3,"column":23},"end":{"line":3,"column":64}},"3":{"start":{"line":4,"column":13},"end":{"line":4,"column":45}},"4":{"start":{"line":7,"column":0},"end":{"line":17,"column":3}},"5":{"start":{"line":8,"column":2},"end":{"line":16,"column":3}},"6":{"start":{"line":9,"column":23},"end":{"line":9,"column":33}},"7":{"start":{"line":10,"column":55},"end":{"line":10,"column":64}},"8":{"start":{"line":12,"column":19},"end":{"line":12,"column":93}},"9":{"start":{"line":13,"column":4},"end":{"line":13,"column":43}},"10":{"start":{"line":15,"column":4},"end":{"line":15,"column":67}},"11":{"start":{"line":20,"column":0},"end":{"line":27,"column":3}},"12":{"start":{"line":21,"column":2},"end":{"line":26,"column":3}},"13":{"start":{"line":22,"column":20},"end":{"line":22,"column":70}},"14":{"start":{"line":23,"column":4},"end":{"line":23,"column":59}},"15":{"start":{"line":25,"column":4},"end":{"line":25,"column":67}},"16":{"start":{"line":30,"column":0},"end":{"line":39,"column":3}},"17":{"start":{"line":31,"column":2},"end":{"line":38,"column":3}},"18":{"start":{"line":32,"column":19},"end":{"line":32,"column":29}},"19":{"start":{"line":33,"column":23},"end":{"line":33,"column":31}},"20":{"start":{"line":34,"column":20},"end":{"line":34,"column":78}},"21":{"start":{"line":35,"column":4},"end":{"line":35,"column":47}},"22":{"start":{"line":37,"column":4},"end":{"line":37,"column":67}},"23":{"start":{"line":42,"column":0},"end":{"line":49,"column":3}},"24":{"start":{"line":43,"column":2},"end":{"line":48,"column":3}},"25":{"start":{"line":44,"column":20},"end":{"line":44,"column":63}},"26":{"start":{"line":45,"column":4},"end":{"line":45,"column":47}},"27":{"start":{"line":47,"column":4},"end":{"line":47,"column":67}},"28":{"start":{"line":51,"column":0},"end":{"line":51,"column":24}}},"fnMap":{"0":{"name":"(anonymous_0)","decl":{"start":{"line":7,"column":49},"end":{"line":7,"column":50}},"loc":{"start":{"line":7,"column":69},"end":{"line":17,"column":1}},"line":7},"1":{"name":"(anonymous_1)","decl":{"start":{"line":20,"column":35},"end":{"line":20,"column":36}},"loc":{"start":{"line":20,"column":55},"end":{"line":27,"column":1}},"line":20},"2":{"name":"(anonymous_2)","decl":{"start":{"line":30,"column":44},"end":{"line":30,"column":45}},"loc":{"start":{"line":30,"column":64},"end":{"line":39,"column":1}},"line":30},"3":{"name":"(anonymous_3)","decl":{"start":{"line":42,"column":37},"end":{"line":42,"column":38}},"loc":{"start":{"line":42,"column":57},"end":{"line":49,"column":1}},"line":42}},"branchMap":{"0":{"loc":{"start":{"line":10,"column":12},"end":{"line":10,"column":20}},"type":"default-arg","locations":[{"start":{"line":10,"column":19},"end":{"line":10,"column":20}}],"line":10},"1":{"loc":{"start":{"line":10,"column":22},"end":{"line":10,"column":32}},"type":"default-arg","locations":[{"start":{"line":10,"column":30},"end":{"line":10,"column":32}}],"line":10}},"s":{"0":0,"1":0,"2":0,"3":0,"4":0,"5":0,"6":0,"7":0,"8":0,"9":0,"10":0,"11":0,"12":0,"13":0,"14":0,"15":0,"16":0,"17":0,"18":0,"19":0,"20":0,"21":0,"22":0,"23":0,"24":0,"25":0,"26":0,"27":0,"28":0},"f":{"0":0,"1":0,"2":0,"3":0},"b":{"0":[0],"1":[0]}}
,"C:\\Users\\user\\Desktop\\MyZubster\\MyZubster\\backend\\src\\api\\v1\\index.js": {"path":"C:\\Users\\user\\Desktop\\MyZubster\\MyZubster\\backend\\src\\api\\v1\\index.js","statementMap":{"0":{"start":{"line":1,"column":16},"end":{"line":1,"column":34}},"1":{"start":{"line":2,"column":15},"end":{"line":2,"column":31}},"2":{"start":{"line":5,"column":22},"end":{"line":5,"column":43}},"3":{"start":{"line":8,"column":0},"end":{"line":8,"column":39}},"4":{"start":{"line":11,"column":0},"end":{"line":13,"column":3}},"5":{"start":{"line":12,"column":2},"end":{"line":12,"column":81}},"6":{"start":{"line":16,"column":0},"end":{"line":22,"column":3}},"7":{"start":{"line":17,"column":2},"end":{"line":21,"column":5}},"8":{"start":{"line":24,"column":0},"end":{"line":24,"column":24}}},"fnMap":{"0":{"name":"(anonymous_0)","decl":{"start":{"line":11,"column":22},"end":{"line":11,"column":23}},"loc":{"start":{"line":11,"column":36},"end":{"line":13,"column":1}},"line":11},"1":{"name":"(anonymous_1)","decl":{"start":{"line":16,"column":16},"end":{"line":16,"column":17}},"loc":{"start":{"line":16,"column":30},"end":{"line":22,"column":1}},"line":16}},"branchMap":{},"s":{"0":0,"1":0,"2":0,"3":0,"4":0,"5":0,"6":0,"7":0,"8":0},"f":{"0":0,"1":0},"b":{}}
,"C:\\Users\\user\\Desktop\\MyZubster\\MyZubster\\backend\\src\\middleware\\auth.js": {"path":"C:\\Users\\user\\Desktop\\MyZubster\\MyZubster\\backend\\src\\middleware\\auth.js","statementMap":{"0":{"start":{"line":1,"column":12},"end":{"line":1,"column":35}},"1":{"start":{"line":2,"column":13},"end":{"line":2,"column":38}},"2":{"start":{"line":4,"column":13},"end":{"line":39,"column":1}},"3":{"start":{"line":6,"column":4},"end":{"line":23,"column":5}},"4":{"start":{"line":7,"column":20},"end":{"line":7,"column":60}},"5":{"start":{"line":8,"column":6},"end":{"line":10,"column":7}},"6":{"start":{"line":9,"column":8},"end":{"line":9,"column":84}},"7":{"start":{"line":12,"column":22},"end":{"line":12,"column":75}},"8":{"start":{"line":13,"column":19},"end":{"line":13,"column":50}},"9":{"start":{"line":15,"column":6},"end":{"line":17,"column":7}},"10":{"start":{"line":16,"column":8},"end":{"line":16,"column":81}},"11":{"start":{"line":19,"column":6},"end":{"line":19,"column":22}},"12":{"start":{"line":20,"column":6},"end":{"line":20,"column":13}},"13":{"start":{"line":22,"column":6},"end":{"line":22,"column":78}},"14":{"start":{"line":27,"column":4},"end":{"line":29,"column":5}},"15":{"start":{"line":28,"column":6},"end":{"line":28,"column":86}},"16":{"start":{"line":30,"column":4},"end":{"line":30,"column":11}},"17":{"start":{"line":34,"column":4},"end":{"line":36,"column":5}},"18":{"start":{"line":35,"column":6},"end":{"line":35,"column":93}},"19":{"start":{"line":37,"column":4},"end":{"line":37,"column":11}},"20":{"start":{"line":41,"column":0},"end":{"line":41,"column":22}}},"fnMap":{"0":{"name":"(anonymous_0)","decl":{"start":{"line":5,"column":15},"end":{"line":5,"column":16}},"loc":{"start":{"line":5,"column":41},"end":{"line":24,"column":3}},"line":5},"1":{"name":"(anonymous_1)","decl":{"start":{"line":26,"column":11},"end":{"line":26,"column":12}},"loc":{"start":{"line":26,"column":37},"end":{"line":31,"column":3}},"line":26},"2":{"name":"(anonymous_2)","decl":{"start":{"line":33,"column":18},"end":{"line":33,"column":19}},"loc":{"start":{"line":33,"column":44},"end":{"line":38,"column":3}},"line":33}},"branchMap":{"0":{"loc":{"start":{"line":8,"column":6},"end":{"line":10,"column":7}},"type":"if","locations":[{"start":{"line":8,"column":6},"end":{"line":10,"column":7}},{"start":{},"end":{}}],"line":8},"1":{"loc":{"start":{"line":12,"column":40},"end":{"line":12,"column":74}},"type":"binary-expr","locations":[{"start":{"line":12,"column":40},"end":{"line":12,"column":62}},{"start":{"line":12,"column":66},"end":{"line":12,"column":74}}],"line":12},"2":{"loc":{"start":{"line":15,"column":6},"end":{"line":17,"column":7}},"type":"if","locations":[{"start":{"line":15,"column":6},"end":{"line":17,"column":7}},{"start":{},"end":{}}],"line":15},"3":{"loc":{"start":{"line":27,"column":4},"end":{"line":29,"column":5}},"type":"if","locations":[{"start":{"line":27,"column":4},"end":{"line":29,"column":5}},{"start":{},"end":{}}],"line":27},"4":{"loc":{"start":{"line":34,"column":4},"end":{"line":36,"column":5}},"type":"if","locations":[{"start":{"line":34,"column":4},"end":{"line":36,"column":5}},{"start":{},"end":{}}],"line":34},"5":{"loc":{"start":{"line":34,"column":8},"end":{"line":34,"column":69}},"type":"binary-expr","locations":[{"start":{"line":34,"column":8},"end":{"line":34,"column":40}},{"start":{"line":34,"column":44},"end":{"line":34,"column":69}}],"line":34}},"s":{"0":0,"1":0,"2":0,"3":0,"4":0,"5":0,"6":0,"7":0,"8":0,"9":0,"10":0,"11":0,"12":0,"13":0,"14":0,"15":0,"16":0,"17":0,"18":0,"19":0,"20":0},"f":{"0":0,"1":0,"2":0},"b":{"0":[0,0],"1":[0,0],"2":[0,0],"3":[0,0],"4":[0,0],"5":[0,0]}}
,"C:\\Users\\user\\Desktop\\MyZubster\\MyZubster\\backend\\src\\models\\Booking.js": {"path":"C:\\Users\\user\\Desktop\\MyZubster\\MyZubster\\backend\\src\\models\\Booking.js","statementMap":{"0":{"start":{"line":1,"column":17},"end":{"line":1,"column":36}},"1":{"start":{"line":2,"column":19},"end":{"line":2,"column":27}},"2":{"start":{"line":4,"column":22},"end":{"line":51,"column":2}},"3":{"start":{"line":54,"column":0},"end":{"line":59,"column":3}},"4":{"start":{"line":55,"column":2},"end":{"line":57,"column":3}},"5":{"start":{"line":56,"column":4},"end":{"line":56,"column":34}},"6":{"start":{"line":58,"column":2},"end":{"line":58,"column":9}},"7":{"start":{"line":62,"column":0},"end":{"line":68,"column":3}},"8":{"start":{"line":63,"column":17},"end":{"line":63,"column":33}},"9":{"start":{"line":64,"column":2},"end":{"line":66,"column":3}},"10":{"start":{"line":65,"column":4},"end":{"line":65,"column":36}},"11":{"start":{"line":67,"column":2},"end":{"line":67,"column":9}},"12":{"start":{"line":71,"column":0},"end":{"line":73,"column":2}},"13":{"start":{"line":72,"column":2},"end":{"line":72,"column":37}},"14":{"start":{"line":75,"column":0},"end":{"line":77,"column":2}},"15":{"start":{"line":76,"column":2},"end":{"line":76,"column":37}},"16":{"start":{"line":79,"column":0},"end":{"line":81,"column":2}},"17":{"start":{"line":80,"column":2},"end":{"line":80,"column":39}},"18":{"start":{"line":83,"column":0},"end":{"line":92,"column":2}},"19":{"start":{"line":84,"column":20},"end":{"line":90,"column":3}},"20":{"start":{"line":91,"column":2},"end":{"line":91,"column":47}},"21":{"start":{"line":94,"column":0},"end":{"line":94,"column":85}}},"fnMap":{"0":{"name":"(anonymous_0)","decl":{"start":{"line":54,"column":26},"end":{"line":54,"column":27}},"loc":{"start":{"line":54,"column":41},"end":{"line":59,"column":1}},"line":54},"1":{"name":"(anonymous_1)","decl":{"start":{"line":62,"column":38},"end":{"line":62,"column":39}},"loc":{"start":{"line":62,"column":53},"end":{"line":68,"column":1}},"line":62},"2":{"name":"(anonymous_2)","decl":{"start":{"line":71,"column":36},"end":{"line":71,"column":37}},"loc":{"start":{"line":71,"column":47},"end":{"line":73,"column":1}},"line":71},"3":{"name":"(anonymous_3)","decl":{"start":{"line":75,"column":36},"end":{"line":75,"column":37}},"loc":{"start":{"line":75,"column":47},"end":{"line":77,"column":1}},"line":75},"4":{"name":"(anonymous_4)","decl":{"start":{"line":79,"column":37},"end":{"line":79,"column":38}},"loc":{"start":{"line":79,"column":48},"end":{"line":81,"column":1}},"line":79},"5":{"name":"(anonymous_5)","decl":{"start":{"line":83,"column":43},"end":{"line":83,"column":44}},"loc":{"start":{"line":83,"column":54},"end":{"line":92,"column":1}},"line":83}},"branchMap":{"0":{"loc":{"start":{"line":55,"column":2},"end":{"line":57,"column":3}},"type":"if","locations":[{"start":{"line":55,"column":2},"end":{"line":57,"column":3}},{"start":{},"end":{}}],"line":55},"1":{"loc":{"start":{"line":55,"column":6},"end":{"line":55,"column":83}},"type":"binary-expr","locations":[{"start":{"line":55,"column":6},"end":{"line":55,"column":31}},{"start":{"line":55,"column":35},"end":{"line":55,"column":62}},{"start":{"line":55,"column":66},"end":{"line":55,"column":83}}],"line":55},"2":{"loc":{"start":{"line":64,"column":2},"end":{"line":66,"column":3}},"type":"if","locations":[{"start":{"line":64,"column":2},"end":{"line":66,"column":3}},{"start":{},"end":{}}],"line":64},"3":{"loc":{"start":{"line":64,"column":6},"end":{"line":64,"column":68}},"type":"binary-expr","locations":[{"start":{"line":64,"column":6},"end":{"line":64,"column":12}},{"start":{"line":64,"column":16},"end":{"line":64,"column":45}},{"start":{"line":64,"column":49},"end":{"line":64,"column":68}}],"line":64},"4":{"loc":{"start":{"line":91,"column":9},"end":{"line":91,"column":46}},"type":"binary-expr","locations":[{"start":{"line":91,"column":9},"end":{"line":91,"column":31}},{"start":{"line":91,"column":35},"end":{"line":91,"column":46}}],"line":91},"5":{"loc":{"start":{"line":94,"column":17},"end":{"line":94,"column":84}},"type":"binary-expr","locations":[{"start":{"line":94,"column":17},"end":{"line":94,"column":40}},{"start":{"line":94,"column":44},"end":{"line":94,"column":84}}],"line":94}},"s":{"0":2,"1":2,"2":2,"3":2,"4":3,"5":1,"6":3,"7":2,"8":0,"9":0,"10":0,"11":0,"12":2,"13":1,"14":2,"15":0,"16":2,"17":0,"18":2,"19":5,"20":5,"21":2},"f":{"0":3,"1":0,"2":1,"3":0,"4":0,"5":5},"b":{"0":[1,2],"1":[3,2,1],"2":[0,0],"3":[0,0,0],"4":[5,0],"5":[2,2]},"_coverageSchema":"1a1c01bbd47fc00a2c39e90264f33305004495a9","hash":"3a1768b002a5f6af378fc25e2bf69a7b103539f2"}
,"C:\\Users\\user\\Desktop\\MyZubster\\MyZubster\\backend\\src\\models\\Quote.js": {"path":"C:\\Users\\user\\Desktop\\MyZubster\\MyZubster\\backend\\src\\models\\Quote.js","statementMap":{"0":{"start":{"line":1,"column":17},"end":{"line":1,"column":36}},"1":{"start":{"line":2,"column":19},"end":{"line":2,"column":27}},"2":{"start":{"line":4,"column":20},"end":{"line":33,"column":2}},"3":{"start":{"line":35,"column":0},"end":{"line":35,"column":36}},"4":{"start":{"line":36,"column":0},"end":{"line":36,"column":48}},"5":{"start":{"line":38,"column":0},"end":{"line":41,"column":3}},"6":{"start":{"line":39,"column":4},"end":{"line":39,"column":32}},"7":{"start":{"line":40,"column":4},"end":{"line":40,"column":11}},"8":{"start":{"line":43,"column":0},"end":{"line":43,"column":54}}},"fnMap":{"0":{"name":"(anonymous_0)","decl":{"start":{"line":38,"column":24},"end":{"line":38,"column":25}},"loc":{"start":{"line":38,"column":39},"end":{"line":41,"column":1}},"line":38}},"branchMap":{},"s":{"0":0,"1":0,"2":0,"3":0,"4":0,"5":0,"6":0,"7":0,"8":0},"f":{"0":0},"b":{}}
,"C:\\Users\\user\\Desktop\\MyZubster\\MyZubster\\backend\\src\\models\\Review.js": {"path":"C:\\Users\\user\\Desktop\\MyZubster\\MyZubster\\backend\\src\\models\\Review.js","statementMap":{"0":{"start":{"line":1,"column":17},"end":{"line":1,"column":36}},"1":{"start":{"line":2,"column":19},"end":{"line":2,"column":27}},"2":{"start":{"line":4,"column":21},"end":{"line":32,"column":2}},"3":{"start":{"line":34,"column":0},"end":{"line":34,"column":82}}},"fnMap":{},"branchMap":{"0":{"loc":{"start":{"line":34,"column":17},"end":{"line":34,"column":81}},"type":"binary-expr","locations":[{"start":{"line":34,"column":17},"end":{"line":34,"column":39}},{"start":{"line":34,"column":43},"end":{"line":34,"column":81}}],"line":34}},"s":{"0":0,"1":0,"2":0,"3":0},"f":{},"b":{"0":[0,0]}}
,"C:\\Users\\user\\Desktop\\MyZubster\\MyZubster\\backend\\src\\models\\Skill.js": {"path":"C:\\Users\\user\\Desktop\\MyZubster\\MyZubster\\backend\\src\\models\\Skill.js","statementMap":{"0":{"start":{"line":1,"column":17},"end":{"line":1,"column":36}},"1":{"start":{"line":3,"column":20},"end":{"line":38,"column":2}},"2":{"start":{"line":40,"column":0},"end":{"line":40,"column":54}}},"fnMap":{},"branchMap":{},"s":{"0":1,"1":1,"2":1},"f":{},"b":{},"_coverageSchema":"1a1c01bbd47fc00a2c39e90264f33305004495a9","hash":"aeaf369c8a09f76b18e8b33f6b80fbcc25b5a45b"}
,"C:\\Users\\user\\Desktop\\MyZubster\\MyZubster\\backend\\src\\models\\User.js": {"path":"C:\\Users\\user\\Desktop\\MyZubster\\MyZubster\\backend\\src\\models\\User.js","statementMap":{"0":{"start":{"line":1,"column":17},"end":{"line":1,"column":36}},"1":{"start":{"line":2,"column":15},"end":{"line":2,"column":34}},"2":{"start":{"line":4,"column":19},"end":{"line":4,"column":27}},"3":{"start":{"line":6,"column":19},"end":{"line":153,"column":2}},"4":{"start":{"line":156,"column":0},"end":{"line":156,"column":44}},"5":{"start":{"line":157,"column":0},"end":{"line":157,"column":33}},"6":{"start":{"line":158,"column":0},"end":{"line":158,"column":45}},"7":{"start":{"line":159,"column":0},"end":{"line":159,"column":36}},"8":{"start":{"line":160,"column":0},"end":{"line":160,"column":44}},"9":{"start":{"line":161,"column":0},"end":{"line":161,"column":32}},"10":{"start":{"line":162,"column":0},"end":{"line":162,"column":30}},"11":{"start":{"line":165,"column":0},"end":{"line":176,"column":3}},"12":{"start":{"line":166,"column":4},"end":{"line":173,"column":5}},"13":{"start":{"line":167,"column":8},"end":{"line":172,"column":9}},"14":{"start":{"line":168,"column":25},"end":{"line":168,"column":49}},"15":{"start":{"line":169,"column":12},"end":{"line":169,"column":67}},"16":{"start":{"line":171,"column":12},"end":{"line":171,"column":31}},"17":{"start":{"line":174,"column":4},"end":{"line":174,"column":32}},"18":{"start":{"line":175,"column":4},"end":{"line":175,"column":11}},"19":{"start":{"line":179,"column":0},"end":{"line":181,"column":2}},"20":{"start":{"line":180,"column":4},"end":{"line":180,"column":66}},"21":{"start":{"line":184,"column":0},"end":{"line":203,"column":2}},"22":{"start":{"line":185,"column":19},"end":{"line":185,"column":43}},"23":{"start":{"line":186,"column":19},"end":{"line":193,"column":6}},"24":{"start":{"line":195,"column":19},"end":{"line":195,"column":89}},"25":{"start":{"line":196,"column":24},"end":{"line":196,"column":63}},"26":{"start":{"line":198,"column":4},"end":{"line":202,"column":7}},"27":{"start":{"line":205,"column":0},"end":{"line":210,"column":2}},"28":{"start":{"line":206,"column":4},"end":{"line":206,"column":65}},"29":{"start":{"line":207,"column":4},"end":{"line":207,"column":32}},"30":{"start":{"line":208,"column":4},"end":{"line":208,"column":22}},"31":{"start":{"line":209,"column":4},"end":{"line":209,"column":35}},"32":{"start":{"line":212,"column":0},"end":{"line":221,"column":2}},"33":{"start":{"line":213,"column":4},"end":{"line":217,"column":5}},"34":{"start":{"line":214,"column":8},"end":{"line":214,"column":30}},"35":{"start":{"line":216,"column":8},"end":{"line":216,"column":74}},"36":{"start":{"line":218,"column":4},"end":{"line":218,"column":32}},"37":{"start":{"line":219,"column":4},"end":{"line":219,"column":22}},"38":{"start":{"line":220,"column":4},"end":{"line":220,"column":29}},"39":{"start":{"line":224,"column":0},"end":{"line":231,"column":2}},"40":{"start":{"line":225,"column":4},"end":{"line":229,"column":5}},"41":{"start":{"line":226,"column":8},"end":{"line":226,"column":36}},"42":{"start":{"line":227,"column":8},"end":{"line":227,"column":36}},"43":{"start":{"line":228,"column":8},"end":{"line":228,"column":26}},"44":{"start":{"line":230,"column":4},"end":{"line":230,"column":23}},"45":{"start":{"line":233,"column":0},"end":{"line":238,"column":2}},"46":{"start":{"line":234,"column":4},"end":{"line":234,"column":59}},"47":{"start":{"line":234,"column":42},"end":{"line":234,"column":57}},"48":{"start":{"line":235,"column":4},"end":{"line":235,"column":32}},"49":{"start":{"line":236,"column":4},"end":{"line":236,"column":22}},"50":{"start":{"line":237,"column":4},"end":{"line":237,"column":23}},"51":{"start":{"line":241,"column":0},"end":{"line":246,"column":2}},"52":{"start":{"line":242,"column":4},"end":{"line":242,"column":35}},"53":{"start":{"line":243,"column":4},"end":{"line":243,"column":32}},"54":{"start":{"line":244,"column":4},"end":{"line":244,"column":22}},"55":{"start":{"line":245,"column":4},"end":{"line":245,"column":35}},"56":{"start":{"line":249,"column":0},"end":{"line":251,"column":2}},"57":{"start":{"line":250,"column":4},"end":{"line":250,"column":33}},"58":{"start":{"line":253,"column":0},"end":{"line":255,"column":2}},"59":{"start":{"line":254,"column":4},"end":{"line":254,"column":62}},"60":{"start":{"line":257,"column":0},"end":{"line":265,"column":2}},"61":{"start":{"line":258,"column":4},"end":{"line":260,"column":5}},"62":{"start":{"line":259,"column":8},"end":{"line":259,"column":44}},"63":{"start":{"line":261,"column":4},"end":{"line":261,"column":24}},"64":{"start":{"line":262,"column":4},"end":{"line":262,"column":32}},"65":{"start":{"line":263,"column":4},"end":{"line":263,"column":22}},"66":{"start":{"line":264,"column":4},"end":{"line":264,"column":21}},"67":{"start":{"line":268,"column":0},"end":{"line":290,"column":2}},"68":{"start":{"line":269,"column":4},"end":{"line":289,"column":6}},"69":{"start":{"line":292,"column":0},"end":{"line":302,"column":2}},"70":{"start":{"line":293,"column":4},"end":{"line":301,"column":6}},"71":{"start":{"line":305,"column":0},"end":{"line":305,"column":76}}},"fnMap":{"0":{"name":"(anonymous_0)","decl":{"start":{"line":165,"column":23},"end":{"line":165,"column":24}},"loc":{"start":{"line":165,"column":44},"end":{"line":176,"column":1}},"line":165},"1":{"name":"(anonymous_1)","decl":{"start":{"line":179,"column":37},"end":{"line":179,"column":38}},"loc":{"start":{"line":179,"column":71},"end":{"line":181,"column":1}},"line":179},"2":{"name":"(anonymous_2)","decl":{"start":{"line":184,"column":34},"end":{"line":184,"column":35}},"loc":{"start":{"line":184,"column":57},"end":{"line":203,"column":1}},"line":184},"3":{"name":"(anonymous_3)","decl":{"start":{"line":205,"column":44},"end":{"line":205,"column":45}},"loc":{"start":{"line":205,"column":61},"end":{"line":210,"column":1}},"line":205},"4":{"name":"(anonymous_4)","decl":{"start":{"line":212,"column":40},"end":{"line":212,"column":41}},"loc":{"start":{"line":212,"column":81},"end":{"line":221,"column":1}},"line":212},"5":{"name":"(anonymous_5)","decl":{"start":{"line":224,"column":30},"end":{"line":224,"column":31}},"loc":{"start":{"line":224,"column":56},"end":{"line":231,"column":1}},"line":224},"6":{"name":"(anonymous_6)","decl":{"start":{"line":233,"column":33},"end":{"line":233,"column":34}},"loc":{"start":{"line":233,"column":59},"end":{"line":238,"column":1}},"line":233},"7":{"name":"(anonymous_7)","decl":{"start":{"line":234,"column":37},"end":{"line":234,"column":38}},"loc":{"start":{"line":234,"column":42},"end":{"line":234,"column":57}},"line":234},"8":{"name":"(anonymous_8)","decl":{"start":{"line":241,"column":36},"end":{"line":241,"column":37}},"loc":{"start":{"line":241,"column":53},"end":{"line":246,"column":1}},"line":241},"9":{"name":"(anonymous_9)","decl":{"start":{"line":249,"column":29},"end":{"line":249,"column":30}},"loc":{"start":{"line":249,"column":40},"end":{"line":251,"column":1}},"line":249},"10":{"name":"(anonymous_10)","decl":{"start":{"line":253,"column":33},"end":{"line":253,"column":34}},"loc":{"start":{"line":253,"column":44},"end":{"line":255,"column":1}},"line":253},"11":{"name":"(anonymous_11)","decl":{"start":{"line":257,"column":29},"end":{"line":257,"column":30}},"loc":{"start":{"line":257,"column":53},"end":{"line":265,"column":1}},"line":257},"12":{"name":"(anonymous_12)","decl":{"start":{"line":268,"column":38},"end":{"line":268,"column":39}},"loc":{"start":{"line":268,"column":49},"end":{"line":290,"column":1}},"line":268},"13":{"name":"(anonymous_13)","decl":{"start":{"line":292,"column":36},"end":{"line":292,"column":37}},"loc":{"start":{"line":292,"column":47},"end":{"line":302,"column":1}},"line":292}},"branchMap":{"0":{"loc":{"start":{"line":166,"column":4},"end":{"line":173,"column":5}},"type":"if","locations":[{"start":{"line":166,"column":4},"end":{"line":173,"column":5}},{"start":{},"end":{}}],"line":166},"1":{"loc":{"start":{"line":195,"column":19},"end":{"line":195,"column":89}},"type":"cond-expr","locations":[{"start":{"line":195,"column":39},"end":{"line":195,"column":85}},{"start":{"line":195,"column":88},"end":{"line":195,"column":89}}],"line":195},"2":{"loc":{"start":{"line":195,"column":51},"end":{"line":195,"column":73}},"type":"binary-expr","locations":[{"start":{"line":195,"column":51},"end":{"line":195,"column":68}},{"start":{"line":195,"column":72},"end":{"line":195,"column":73}}],"line":195},"3":{"loc":{"start":{"line":196,"column":24},"end":{"line":196,"column":63}},"type":"cond-expr","locations":[{"start":{"line":196,"column":44},"end":{"line":196,"column":59}},{"start":{"line":196,"column":62},"end":{"line":196,"column":63}}],"line":196},"4":{"loc":{"start":{"line":206,"column":31},"end":{"line":206,"column":59}},"type":"binary-expr","locations":[{"start":{"line":206,"column":31},"end":{"line":206,"column":54}},{"start":{"line":206,"column":58},"end":{"line":206,"column":59}}],"line":206},"5":{"loc":{"start":{"line":213,"column":4},"end":{"line":217,"column":5}},"type":"if","locations":[{"start":{"line":213,"column":4},"end":{"line":217,"column":5}},{"start":{"line":215,"column":11},"end":{"line":217,"column":5}}],"line":213},"6":{"loc":{"start":{"line":225,"column":4},"end":{"line":229,"column":5}},"type":"if","locations":[{"start":{"line":225,"column":4},"end":{"line":229,"column":5}},{"start":{},"end":{}}],"line":225},"7":{"loc":{"start":{"line":254,"column":11},"end":{"line":254,"column":61}},"type":"binary-expr","locations":[{"start":{"line":254,"column":11},"end":{"line":254,"column":36}},{"start":{"line":254,"column":40},"end":{"line":254,"column":61}}],"line":254},"8":{"loc":{"start":{"line":258,"column":4},"end":{"line":260,"column":5}},"type":"if","locations":[{"start":{"line":258,"column":4},"end":{"line":260,"column":5}},{"start":{},"end":{}}],"line":258},"9":{"loc":{"start":{"line":305,"column":17},"end":{"line":305,"column":75}},"type":"binary-expr","locations":[{"start":{"line":305,"column":17},"end":{"line":305,"column":37}},{"start":{"line":305,"column":41},"end":{"line":305,"column":75}}],"line":305}},"s":{"0":1,"1":1,"2":1,"3":1,"4":1,"5":1,"6":1,"7":1,"8":1,"9":1,"10":1,"11":1,"12":1,"13":1,"14":1,"15":1,"16":0,"17":1,"18":1,"19":1,"20":0,"21":1,"22":0,"23":0,"24":0,"25":0,"26":0,"27":1,"28":0,"29":0,"30":0,"31":0,"32":1,"33":0,"34":0,"35":0,"36":0,"37":0,"38":0,"39":1,"40":0,"41":0,"42":0,"43":0,"44":0,"45":1,"46":0,"47":0,"48":0,"49":0,"50":0,"51":1,"52":0,"53":0,"54":0,"55":0,"56":1,"57":0,"58":1,"59":0,"60":1,"61":0,"62":0,"63":0,"64":0,"65":0,"66":0,"67":1,"68":0,"69":1,"70":0,"71":1},"f":{"0":1,"1":0,"2":0,"3":0,"4":0,"5":0,"6":0,"7":0,"8":0,"9":0,"10":0,"11":0,"12":0,"13":0},"b":{"0":[1,0],"1":[0,0],"2":[0,0],"3":[0,0],"4":[0,0],"5":[0,0],"6":[0,0],"7":[0,0],"8":[0,0],"9":[1,1]},"_coverageSchema":"1a1c01bbd47fc00a2c39e90264f33305004495a9","hash":"2f413ebe2b87ba8a48b8fe5462896ad23e13e2df"}
,"C:\\Users\\user\\Desktop\\MyZubster\\MyZubster\\backend\\src\\notifications\\firebase.js": {"path":"C:\\Users\\user\\Desktop\\MyZubster\\MyZubster\\backend\\src\\notifications\\firebase.js","statementMap":{"0":{"start":{"line":1,"column":14},"end":{"line":1,"column":39}},"1":{"start":{"line":3,"column":18},"end":{"line":3,"column":23}},"2":{"start":{"line":6,"column":2},"end":{"line":9,"column":3}},"3":{"start":{"line":7,"column":4},"end":{"line":7,"column":23}},"4":{"start":{"line":8,"column":4},"end":{"line":8,"column":16}},"5":{"start":{"line":11,"column":29},"end":{"line":11,"column":70}},"6":{"start":{"line":12,"column":29},"end":{"line":12,"column":70}},"7":{"start":{"line":14,"column":2},"end":{"line":34,"column":3}},"8":{"start":{"line":15,"column":4},"end":{"line":28,"column":5}},"9":{"start":{"line":16,"column":6},"end":{"line":18,"column":9}},"10":{"start":{"line":19,"column":11},"end":{"line":28,"column":5}},"11":{"start":{"line":21,"column":29},"end":{"line":21,"column":56}},"12":{"start":{"line":22,"column":6},"end":{"line":24,"column":9}},"13":{"start":{"line":26,"column":6},"end":{"line":26,"column":82}},"14":{"start":{"line":27,"column":6},"end":{"line":27,"column":19}},"15":{"start":{"line":29,"column":4},"end":{"line":29,"column":23}},"16":{"start":{"line":30,"column":4},"end":{"line":30,"column":16}},"17":{"start":{"line":32,"column":4},"end":{"line":32,"column":66}},"18":{"start":{"line":33,"column":4},"end":{"line":33,"column":17}},"19":{"start":{"line":38,"column":2},"end":{"line":42,"column":4}},"20":{"start":{"line":40,"column":29},"end":{"line":40,"column":66}},"21":{"start":{"line":41,"column":29},"end":{"line":41,"column":49}},"22":{"start":{"line":46,"column":25},"end":{"line":46,"column":98}},"23":{"start":{"line":47,"column":2},"end":{"line":47,"column":47}},"24":{"start":{"line":47,"column":35},"end":{"line":47,"column":47}},"25":{"start":{"line":48,"column":2},"end":{"line":48,"column":41}},"26":{"start":{"line":48,"column":29},"end":{"line":48,"column":41}},"27":{"start":{"line":50,"column":18},"end":{"line":61,"column":3}},"28":{"start":{"line":63,"column":2},"end":{"line":66,"column":3}},"29":{"start":{"line":64,"column":22},"end":{"line":64,"column":111}},"30":{"start":{"line":65,"column":4},"end":{"line":65,"column":91}},"31":{"start":{"line":68,"column":2},"end":{"line":68,"column":57}},"32":{"start":{"line":72,"column":2},"end":{"line":82,"column":5}},"33":{"start":{"line":86,"column":21},"end":{"line":86,"column":64}},"34":{"start":{"line":87,"column":2},"end":{"line":99,"column":5}},"35":{"start":{"line":102,"column":0},"end":{"line":107,"column":2}}},"fnMap":{"0":{"name":"initializeFirebase","decl":{"start":{"line":5,"column":9},"end":{"line":5,"column":27}},"loc":{"start":{"line":5,"column":30},"end":{"line":35,"column":1}},"line":5},"1":{"name":"compactData","decl":{"start":{"line":37,"column":9},"end":{"line":37,"column":20}},"loc":{"start":{"line":37,"column":32},"end":{"line":43,"column":1}},"line":37},"2":{"name":"(anonymous_2)","decl":{"start":{"line":40,"column":14},"end":{"line":40,"column":15}},"loc":{"start":{"line":40,"column":29},"end":{"line":40,"column":66}},"line":40},"3":{"name":"(anonymous_3)","decl":{"start":{"line":41,"column":11},"end":{"line":41,"column":12}},"loc":{"start":{"line":41,"column":29},"end":{"line":41,"column":49}},"line":41},"4":{"name":"sendPushToTokens","decl":{"start":{"line":45,"column":15},"end":{"line":45,"column":31}},"loc":{"start":{"line":45,"column":68},"end":{"line":69,"column":1}},"line":45},"5":{"name":"sendPaymentConfirmedNotification","decl":{"start":{"line":71,"column":15},"end":{"line":71,"column":47}},"loc":{"start":{"line":71,"column":68},"end":{"line":83,"column":1}},"line":71},"6":{"name":"sendMessageNotification","decl":{"start":{"line":85,"column":15},"end":{"line":85,"column":38}},"loc":{"start":{"line":85,"column":60},"end":{"line":100,"column":1}},"line":85}},"branchMap":{"0":{"loc":{"start":{"line":6,"column":2},"end":{"line":9,"column":3}},"type":"if","locations":[{"start":{"line":6,"column":2},"end":{"line":9,"column":3}},{"start":{},"end":{}}],"line":6},"1":{"loc":{"start":{"line":6,"column":6},"end":{"line":6,"column":42}},"type":"binary-expr","locations":[{"start":{"line":6,"column":6},"end":{"line":6,"column":17}},{"start":{"line":6,"column":21},"end":{"line":6,"column":42}}],"line":6},"2":{"loc":{"start":{"line":15,"column":4},"end":{"line":28,"column":5}},"type":"if","locations":[{"start":{"line":15,"column":4},"end":{"line":28,"column":5}},{"start":{"line":19,"column":11},"end":{"line":28,"column":5}}],"line":15},"3":{"loc":{"start":{"line":19,"column":11},"end":{"line":28,"column":5}},"type":"if","locations":[{"start":{"line":19,"column":11},"end":{"line":28,"column":5}},{"start":{"line":25,"column":11},"end":{"line":28,"column":5}}],"line":19},"4":{"loc":{"start":{"line":37,"column":21},"end":{"line":37,"column":30}},"type":"default-arg","locations":[{"start":{"line":37,"column":28},"end":{"line":37,"column":30}}],"line":37},"5":{"loc":{"start":{"line":40,"column":29},"end":{"line":40,"column":66}},"type":"binary-expr","locations":[{"start":{"line":40,"column":29},"end":{"line":40,"column":48}},{"start":{"line":40,"column":52},"end":{"line":40,"column":66}}],"line":40},"6":{"loc":{"start":{"line":45,"column":55},"end":{"line":45,"column":64}},"type":"default-arg","locations":[{"start":{"line":45,"column":62},"end":{"line":45,"column":64}}],"line":45},"7":{"loc":{"start":{"line":46,"column":38},"end":{"line":46,"column":79}},"type":"cond-expr","locations":[{"start":{"line":46,"column":62},"end":{"line":46,"column":68}},{"start":{"line":46,"column":71},"end":{"line":46,"column":79}}],"line":46},"8":{"loc":{"start":{"line":47,"column":2},"end":{"line":47,"column":47}},"type":"if","locations":[{"start":{"line":47,"column":2},"end":{"line":47,"column":47}},{"start":{},"end":{}}],"line":47},"9":{"loc":{"start":{"line":48,"column":2},"end":{"line":48,"column":41}},"type":"if","locations":[{"start":{"line":48,"column":2},"end":{"line":48,"column":41}},{"start":{},"end":{}}],"line":48},"10":{"loc":{"start":{"line":63,"column":2},"end":{"line":66,"column":3}},"type":"if","locations":[{"start":{"line":63,"column":2},"end":{"line":66,"column":3}},{"start":{},"end":{}}],"line":63},"11":{"loc":{"start":{"line":86,"column":21},"end":{"line":86,"column":64}},"type":"binary-expr","locations":[{"start":{"line":86,"column":21},"end":{"line":86,"column":39}},{"start":{"line":86,"column":43},"end":{"line":86,"column":64}}],"line":86},"12":{"loc":{"start":{"line":90,"column":10},"end":{"line":90,"column":60}},"type":"binary-expr","locations":[{"start":{"line":90,"column":10},"end":{"line":90,"column":22}},{"start":{"line":90,"column":26},"end":{"line":90,"column":60}}],"line":90}},"s":{"0":0,"1":0,"2":0,"3":0,"4":0,"5":0,"6":0,"7":0,"8":0,"9":0,"10":0,"11":0,"12":0,"13":0,"14":0,"15":0,"16":0,"17":0,"18":0,"19":0,"20":0,"21":0,"22":0,"23":0,"24":0,"25":0,"26":0,"27":0,"28":0,"29":0,"30":0,"31":0,"32":0,"33":0,"34":0,"35":0},"f":{"0":0,"1":0,"2":0,"3":0,"4":0,"5":0,"6":0},"b":{"0":[0,0],"1":[0,0],"2":[0,0],"3":[0,0],"4":[0],"5":[0,0],"6":[0],"7":[0,0],"8":[0,0],"9":[0,0],"10":[0,0],"11":[0,0],"12":[0,0]}}
,"C:\\Users\\user\\Desktop\\MyZubster\\MyZubster\\backend\\src\\reviews\\routes.js": {"path":"C:\\Users\\user\\Desktop\\MyZubster\\MyZubster\\backend\\src\\reviews\\routes.js","statementMap":{"0":{"start":{"line":1,"column":16},"end":{"line":1,"column":34}},"1":{"start":{"line":2,"column":17},"end":{"line":2,"column":36}},"2":{"start":{"line":3,"column":15},"end":{"line":3,"column":42}},"3":{"start":{"line":4,"column":13},"end":{"line":4,"column":38}},"4":{"start":{"line":7,"column":17},"end":{"line":7,"column":33}},"5":{"start":{"line":9,"column":2},"end":{"line":35,"column":5}},"6":{"start":{"line":10,"column":4},"end":{"line":34,"column":5}},"7":{"start":{"line":11,"column":67},"end":{"line":11,"column":81}},"8":{"start":{"line":12,"column":27},"end":{"line":12,"column":41}},"9":{"start":{"line":14,"column":6},"end":{"line":16,"column":7}},"10":{"start":{"line":15,"column":8},"end":{"line":15,"column":98}},"11":{"start":{"line":17,"column":6},"end":{"line":19,"column":7}},"12":{"start":{"line":18,"column":8},"end":{"line":18,"column":92}},"13":{"start":{"line":21,"column":21},"end":{"line":27,"column":8}},"14":{"start":{"line":29,"column":6},"end":{"line":29,"column":50}},"15":{"start":{"line":31,"column":6},"end":{"line":31,"column":49}},"16":{"start":{"line":33,"column":6},"end":{"line":33,"column":53}},"17":{"start":{"line":37,"column":2},"end":{"line":47,"column":5}},"18":{"start":{"line":38,"column":4},"end":{"line":46,"column":5}},"19":{"start":{"line":39,"column":22},"end":{"line":41,"column":15}},"20":{"start":{"line":43,"column":6},"end":{"line":43,"column":42}},"21":{"start":{"line":45,"column":6},"end":{"line":45,"column":53}},"22":{"start":{"line":49,"column":2},"end":{"line":59,"column":5}},"23":{"start":{"line":50,"column":4},"end":{"line":58,"column":5}},"24":{"start":{"line":51,"column":22},"end":{"line":53,"column":15}},"25":{"start":{"line":55,"column":6},"end":{"line":55,"column":42}},"26":{"start":{"line":57,"column":6},"end":{"line":57,"column":53}},"27":{"start":{"line":61,"column":2},"end":{"line":61,"column":16}},"28":{"start":{"line":65,"column":29},"end":{"line":65,"column":49}},"29":{"start":{"line":66,"column":18},"end":{"line":75,"column":4}},"30":{"start":{"line":77,"column":17},"end":{"line":77,"column":60}},"31":{"start":{"line":78,"column":22},"end":{"line":78,"column":51}},"32":{"start":{"line":79,"column":14},"end":{"line":79,"column":24}},"33":{"start":{"line":81,"column":20},"end":{"line":81,"column":52}},"34":{"start":{"line":82,"column":2},"end":{"line":84,"column":3}},"35":{"start":{"line":83,"column":4},"end":{"line":83,"column":77}},"36":{"start":{"line":86,"column":23},"end":{"line":86,"column":61}},"37":{"start":{"line":87,"column":2},"end":{"line":93,"column":3}},"38":{"start":{"line":88,"column":4},"end":{"line":91,"column":6}},"39":{"start":{"line":92,"column":4},"end":{"line":92,"column":35}},"40":{"start":{"line":95,"column":2},"end":{"line":102,"column":4}},"41":{"start":{"line":104,"column":2},"end":{"line":104,"column":33}},"42":{"start":{"line":108,"column":2},"end":{"line":116,"column":4}},"43":{"start":{"line":119,"column":0},"end":{"line":119,"column":72}}},"fnMap":{"0":{"name":"createReviewRouter","decl":{"start":{"line":6,"column":9},"end":{"line":6,"column":27}},"loc":{"start":{"line":6,"column":30},"end":{"line":62,"column":1}},"line":6},"1":{"name":"(anonymous_1)","decl":{"start":{"line":9,"column":19},"end":{"line":9,"column":20}},"loc":{"start":{"line":9,"column":39},"end":{"line":35,"column":3}},"line":9},"2":{"name":"(anonymous_2)","decl":{"start":{"line":37,"column":30},"end":{"line":37,"column":31}},"loc":{"start":{"line":37,"column":50},"end":{"line":47,"column":3}},"line":37},"3":{"name":"(anonymous_3)","decl":{"start":{"line":49,"column":32},"end":{"line":49,"column":33}},"loc":{"start":{"line":49,"column":52},"end":{"line":59,"column":3}},"line":49},"4":{"name":"updateUserRating","decl":{"start":{"line":64,"column":15},"end":{"line":64,"column":31}},"loc":{"start":{"line":64,"column":46},"end":{"line":105,"column":1}},"line":64},"5":{"name":"publicReview","decl":{"start":{"line":107,"column":9},"end":{"line":107,"column":21}},"loc":{"start":{"line":107,"column":30},"end":{"line":117,"column":1}},"line":107}},"branchMap":{"0":{"loc":{"start":{"line":11,"column":67},"end":{"line":11,"column":81}},"type":"binary-expr","locations":[{"start":{"line":11,"column":67},"end":{"line":11,"column":75}},{"start":{"line":11,"column":79},"end":{"line":11,"column":81}}],"line":11},"1":{"loc":{"start":{"line":14,"column":6},"end":{"line":16,"column":7}},"type":"if","locations":[{"start":{"line":14,"column":6},"end":{"line":16,"column":7}},{"start":{},"end":{}}],"line":14},"2":{"loc":{"start":{"line":14,"column":10},"end":{"line":14,"column":48}},"type":"binary-expr","locations":[{"start":{"line":14,"column":10},"end":{"line":14,"column":19}},{"start":{"line":14,"column":23},"end":{"line":14,"column":36}},{"start":{"line":14,"column":40},"end":{"line":14,"column":48}}],"line":14},"3":{"loc":{"start":{"line":17,"column":6},"end":{"line":19,"column":7}},"type":"if","locations":[{"start":{"line":17,"column":6},"end":{"line":19,"column":7}},{"start":{},"end":{}}],"line":17},"4":{"loc":{"start":{"line":17,"column":10},"end":{"line":17,"column":81}},"type":"binary-expr","locations":[{"start":{"line":17,"column":10},"end":{"line":17,"column":41}},{"start":{"line":17,"column":45},"end":{"line":17,"column":61}},{"start":{"line":17,"column":65},"end":{"line":17,"column":81}}],"line":17},"5":{"loc":{"start":{"line":26,"column":17},"end":{"line":26,"column":47}},"type":"cond-expr","locations":[{"start":{"line":26,"column":27},"end":{"line":26,"column":42}},{"start":{"line":26,"column":45},"end":{"line":26,"column":47}}],"line":26},"6":{"loc":{"start":{"line":77,"column":17},"end":{"line":77,"column":60}},"type":"cond-expr","locations":[{"start":{"line":77,"column":25},"end":{"line":77,"column":56}},{"start":{"line":77,"column":59},"end":{"line":77,"column":60}}],"line":77},"7":{"loc":{"start":{"line":78,"column":22},"end":{"line":78,"column":51}},"type":"cond-expr","locations":[{"start":{"line":78,"column":30},"end":{"line":78,"column":47}},{"start":{"line":78,"column":50},"end":{"line":78,"column":51}}],"line":78},"8":{"loc":{"start":{"line":82,"column":2},"end":{"line":84,"column":3}},"type":"if","locations":[{"start":{"line":82,"column":2},"end":{"line":84,"column":3}},{"start":{},"end":{}}],"line":82},"9":{"loc":{"start":{"line":87,"column":2},"end":{"line":93,"column":3}},"type":"if","locations":[{"start":{"line":87,"column":2},"end":{"line":93,"column":3}},{"start":{},"end":{}}],"line":87},"10":{"loc":{"start":{"line":109,"column":15},"end":{"line":109,"column":38}},"type":"binary-expr","locations":[{"start":{"line":109,"column":15},"end":{"line":109,"column":25}},{"start":{"line":109,"column":29},"end":{"line":109,"column":38}}],"line":109},"11":{"loc":{"start":{"line":114,"column":13},"end":{"line":114,"column":33}},"type":"binary-expr","locations":[{"start":{"line":114,"column":13},"end":{"line":114,"column":27}},{"start":{"line":114,"column":31},"end":{"line":114,"column":33}}],"line":114}},"s":{"0":0,"1":0,"2":0,"3":0,"4":0,"5":0,"6":0,"7":0,"8":0,"9":0,"10":0,"11":0,"12":0,"13":0,"14":0,"15":0,"16":0,"17":0,"18":0,"19":0,"20":0,"21":0,"22":0,"23":0,"24":0,"25":0,"26":0,"27":0,"28":0,"29":0,"30":0,"31":0,"32":0,"33":0,"34":0,"35":0,"36":0,"37":0,"38":0,"39":0,"40":0,"41":0,"42":0,"43":0},"f":{"0":0,"1":0,"2":0,"3":0,"4":0,"5":0},"b":{"0":[0,0],"1":[0,0],"2":[0,0,0],"3":[0,0],"4":[0,0,0],"5":[0,0],"6":[0,0],"7":[0,0],"8":[0,0],"9":[0,0],"10":[0,0],"11":[0,0]}}
,"C:\\Users\\user\\Desktop\\MyZubster\\MyZubster\\backend\\src\\routes\\admin.js": {"path":"C:\\Users\\user\\Desktop\\MyZubster\\MyZubster\\backend\\src\\routes\\admin.js","statementMap":{"0":{"start":{"line":1,"column":16},"end":{"line":1,"column":34}},"1":{"start":{"line":2,"column":15},"end":{"line":2,"column":31}},"2":{"start":{"line":3,"column":17},"end":{"line":3,"column":36}},"3":{"start":{"line":4,"column":13},"end":{"line":4,"column":38}},"4":{"start":{"line":5,"column":14},"end":{"line":5,"column":40}},"5":{"start":{"line":6,"column":15},"end":{"line":6,"column":42}},"6":{"start":{"line":7,"column":15},"end":{"line":7,"column":42}},"7":{"start":{"line":8,"column":22},"end":{"line":8,"column":56}},"8":{"start":{"line":9,"column":36},"end":{"line":9,"column":65}},"9":{"start":{"line":14,"column":21},"end":{"line":14,"column":39}},"10":{"start":{"line":15,"column":25},"end":{"line":15,"column":56}},"11":{"start":{"line":22,"column":0},"end":{"line":53,"column":3}},"12":{"start":{"line":23,"column":4},"end":{"line":52,"column":5}},"13":{"start":{"line":24,"column":55},"end":{"line":24,"column":64}},"14":{"start":{"line":25,"column":23},"end":{"line":25,"column":25}},"15":{"start":{"line":26,"column":8},"end":{"line":26,"column":43}},"16":{"start":{"line":26,"column":20},"end":{"line":26,"column":43}},"17":{"start":{"line":27,"column":8},"end":{"line":27,"column":37}},"18":{"start":{"line":27,"column":18},"end":{"line":27,"column":37}},"19":{"start":{"line":29,"column":24},"end":{"line":35,"column":35}},"20":{"start":{"line":37,"column":22},"end":{"line":37,"column":57}},"21":{"start":{"line":39,"column":8},"end":{"line":48,"column":11}},"22":{"start":{"line":50,"column":8},"end":{"line":50,"column":72}},"23":{"start":{"line":51,"column":8},"end":{"line":51,"column":85}},"24":{"start":{"line":56,"column":0},"end":{"line":153,"column":3}},"25":{"start":{"line":57,"column":4},"end":{"line":152,"column":5}},"26":{"start":{"line":58,"column":75},"end":{"line":58,"column":83}},"27":{"start":{"line":59,"column":27},"end":{"line":59,"column":38}},"28":{"start":{"line":62,"column":8},"end":{"line":67,"column":9}},"29":{"start":{"line":63,"column":12},"end":{"line":66,"column":15}},"30":{"start":{"line":69,"column":8},"end":{"line":74,"column":9}},"31":{"start":{"line":70,"column":12},"end":{"line":73,"column":15}},"32":{"start":{"line":77,"column":27},"end":{"line":77,"column":55}},"33":{"start":{"line":78,"column":8},"end":{"line":83,"column":9}},"34":{"start":{"line":79,"column":12},"end":{"line":82,"column":15}},"35":{"start":{"line":86,"column":8},"end":{"line":91,"column":9}},"36":{"start":{"line":87,"column":12},"end":{"line":90,"column":15}},"37":{"start":{"line":94,"column":8},"end":{"line":102,"column":9}},"38":{"start":{"line":95,"column":31},"end":{"line":95,"column":64}},"39":{"start":{"line":96,"column":12},"end":{"line":101,"column":13}},"40":{"start":{"line":97,"column":16},"end":{"line":100,"column":19}},"41":{"start":{"line":105,"column":8},"end":{"line":113,"column":9}},"42":{"start":{"line":106,"column":32},"end":{"line":106,"column":67}},"43":{"start":{"line":107,"column":12},"end":{"line":112,"column":13}},"44":{"start":{"line":108,"column":16},"end":{"line":111,"column":19}},"45":{"start":{"line":116,"column":23},"end":{"line":124,"column":10}},"46":{"start":{"line":126,"column":8},"end":{"line":126,"column":28}},"47":{"start":{"line":129,"column":8},"end":{"line":129,"column":71}},"48":{"start":{"line":130,"column":8},"end":{"line":132,"column":9}},"49":{"start":{"line":131,"column":12},"end":{"line":131,"column":77}},"50":{"start":{"line":133,"column":8},"end":{"line":135,"column":9}},"51":{"start":{"line":134,"column":12},"end":{"line":134,"column":69}},"52":{"start":{"line":138,"column":8},"end":{"line":138,"column":86}},"53":{"start":{"line":140,"column":8},"end":{"line":144,"column":11}},"54":{"start":{"line":147,"column":8},"end":{"line":147,"column":75}},"55":{"start":{"line":148,"column":8},"end":{"line":151,"column":11}},"56":{"start":{"line":156,"column":0},"end":{"line":212,"column":3}},"57":{"start":{"line":157,"column":4},"end":{"line":211,"column":5}},"58":{"start":{"line":158,"column":23},"end":{"line":158,"column":33}},"59":{"start":{"line":159,"column":43},"end":{"line":159,"column":51}},"60":{"start":{"line":162,"column":30},"end":{"line":162,"column":66}},"61":{"start":{"line":163,"column":8},"end":{"line":168,"column":9}},"62":{"start":{"line":164,"column":12},"end":{"line":167,"column":15}},"63":{"start":{"line":171,"column":23},"end":{"line":171,"column":48}},"64":{"start":{"line":172,"column":8},"end":{"line":177,"column":9}},"65":{"start":{"line":173,"column":12},"end":{"line":176,"column":15}},"66":{"start":{"line":180,"column":26},"end":{"line":180,"column":39}},"67":{"start":{"line":183,"column":8},"end":{"line":183,"column":43}},"68":{"start":{"line":183,"column":20},"end":{"line":183,"column":43}},"69":{"start":{"line":184,"column":8},"end":{"line":184,"column":67}},"70":{"start":{"line":184,"column":28},"end":{"line":184,"column":67}},"71":{"start":{"line":185,"column":8},"end":{"line":185,"column":41}},"72":{"start":{"line":186,"column":8},"end":{"line":186,"column":40}},"73":{"start":{"line":188,"column":8},"end":{"line":188,"column":28}},"74":{"start":{"line":191,"column":8},"end":{"line":191,"column":71}},"75":{"start":{"line":192,"column":8},"end":{"line":192,"column":73}},"76":{"start":{"line":193,"column":8},"end":{"line":193,"column":65}},"77":{"start":{"line":194,"column":8},"end":{"line":194,"column":62}},"78":{"start":{"line":197,"column":8},"end":{"line":197,"column":113}},"79":{"start":{"line":199,"column":8},"end":{"line":203,"column":11}},"80":{"start":{"line":206,"column":8},"end":{"line":206,"column":79}},"81":{"start":{"line":207,"column":8},"end":{"line":210,"column":11}},"82":{"start":{"line":219,"column":0},"end":{"line":319,"column":3}},"83":{"start":{"line":220,"column":4},"end":{"line":318,"column":5}},"84":{"start":{"line":230,"column":12},"end":{"line":230,"column":21}},"85":{"start":{"line":233,"column":23},"end":{"line":233,"column":25}},"86":{"start":{"line":236,"column":8},"end":{"line":242,"column":9}},"87":{"start":{"line":237,"column":12},"end":{"line":241,"column":14}},"88":{"start":{"line":245,"column":8},"end":{"line":247,"column":9}},"89":{"start":{"line":246,"column":12},"end":{"line":246,"column":31}},"90":{"start":{"line":250,"column":8},"end":{"line":254,"column":9}},"91":{"start":{"line":251,"column":12},"end":{"line":251,"column":33}},"92":{"start":{"line":252,"column":15},"end":{"line":254,"column":9}},"93":{"start":{"line":253,"column":12},"end":{"line":253,"column":34}},"94":{"start":{"line":257,"column":8},"end":{"line":259,"column":9}},"95":{"start":{"line":258,"column":12},"end":{"line":258,"column":60}},"96":{"start":{"line":262,"column":21},"end":{"line":262,"column":23}},"97":{"start":{"line":263,"column":8},"end":{"line":263,"column":53}},"98":{"start":{"line":266,"column":22},"end":{"line":270,"column":35}},"99":{"start":{"line":273,"column":22},"end":{"line":273,"column":55}},"100":{"start":{"line":276,"column":27},"end":{"line":276,"column":51}},"101":{"start":{"line":279,"column":31},"end":{"line":291,"column":11}},"102":{"start":{"line":280,"column":28},"end":{"line":280,"column":43}},"103":{"start":{"line":283,"column":31},"end":{"line":283,"column":79}},"104":{"start":{"line":284,"column":12},"end":{"line":284,"column":44}},"105":{"start":{"line":287,"column":32},"end":{"line":287,"column":87}},"106":{"start":{"line":288,"column":12},"end":{"line":288,"column":46}},"107":{"start":{"line":290,"column":12},"end":{"line":290,"column":27}},"108":{"start":{"line":293,"column":8},"end":{"line":310,"column":11}},"109":{"start":{"line":313,"column":8},"end":{"line":313,"column":66}},"110":{"start":{"line":314,"column":8},"end":{"line":317,"column":11}},"111":{"start":{"line":322,"column":0},"end":{"line":418,"column":3}},"112":{"start":{"line":323,"column":4},"end":{"line":417,"column":5}},"113":{"start":{"line":324,"column":23},"end":{"line":324,"column":33}},"114":{"start":{"line":325,"column":35},"end":{"line":325,"column":43}},"115":{"start":{"line":328,"column":8},"end":{"line":333,"column":9}},"116":{"start":{"line":329,"column":12},"end":{"line":332,"column":15}},"117":{"start":{"line":336,"column":8},"end":{"line":341,"column":9}},"118":{"start":{"line":337,"column":12},"end":{"line":340,"column":15}},"119":{"start":{"line":344,"column":21},"end":{"line":344,"column":44}},"120":{"start":{"line":345,"column":8},"end":{"line":350,"column":9}},"121":{"start":{"line":346,"column":12},"end":{"line":349,"column":15}},"122":{"start":{"line":353,"column":8},"end":{"line":358,"column":9}},"123":{"start":{"line":354,"column":12},"end":{"line":357,"column":15}},"124":{"start":{"line":361,"column":8},"end":{"line":369,"column":9}},"125":{"start":{"line":362,"column":31},"end":{"line":362,"column":89}},"126":{"start":{"line":363,"column":12},"end":{"line":368,"column":13}},"127":{"start":{"line":364,"column":16},"end":{"line":367,"column":19}},"128":{"start":{"line":372,"column":26},"end":{"line":372,"column":37}},"129":{"start":{"line":375,"column":8},"end":{"line":375,"column":29}},"130":{"start":{"line":376,"column":8},"end":{"line":376,"column":91}},"131":{"start":{"line":377,"column":8},"end":{"line":377,"column":54}},"132":{"start":{"line":378,"column":8},"end":{"line":378,"column":36}},"133":{"start":{"line":380,"column":8},"end":{"line":380,"column":26}},"134":{"start":{"line":383,"column":8},"end":{"line":387,"column":9}},"135":{"start":{"line":390,"column":8},"end":{"line":390,"column":150}},"136":{"start":{"line":393,"column":25},"end":{"line":393,"column":48}},"137":{"start":{"line":395,"column":8},"end":{"line":409,"column":11}},"138":{"start":{"line":412,"column":8},"end":{"line":412,"column":79}},"139":{"start":{"line":413,"column":8},"end":{"line":416,"column":11}},"140":{"start":{"line":421,"column":0},"end":{"line":500,"column":3}},"141":{"start":{"line":422,"column":4},"end":{"line":499,"column":5}},"142":{"start":{"line":423,"column":23},"end":{"line":423,"column":33}},"143":{"start":{"line":424,"column":25},"end":{"line":424,"column":33}},"144":{"start":{"line":427,"column":8},"end":{"line":432,"column":9}},"145":{"start":{"line":428,"column":12},"end":{"line":431,"column":15}},"146":{"start":{"line":435,"column":27},"end":{"line":435,"column":57}},"147":{"start":{"line":436,"column":8},"end":{"line":441,"column":9}},"148":{"start":{"line":437,"column":12},"end":{"line":440,"column":15}},"149":{"start":{"line":444,"column":21},"end":{"line":444,"column":44}},"150":{"start":{"line":445,"column":8},"end":{"line":450,"column":9}},"151":{"start":{"line":446,"column":12},"end":{"line":449,"column":15}},"152":{"start":{"line":453,"column":8},"end":{"line":461,"column":9}},"153":{"start":{"line":454,"column":31},"end":{"line":454,"column":75}},"154":{"start":{"line":455,"column":12},"end":{"line":460,"column":13}},"155":{"start":{"line":456,"column":16},"end":{"line":459,"column":19}},"156":{"start":{"line":464,"column":8},"end":{"line":469,"column":9}},"157":{"start":{"line":465,"column":12},"end":{"line":468,"column":15}},"158":{"start":{"line":472,"column":24},"end":{"line":472,"column":33}},"159":{"start":{"line":475,"column":8},"end":{"line":475,"column":25}},"160":{"start":{"line":476,"column":8},"end":{"line":476,"column":36}},"161":{"start":{"line":477,"column":8},"end":{"line":477,"column":26}},"162":{"start":{"line":480,"column":8},"end":{"line":480,"column":109}},"163":{"start":{"line":482,"column":8},"end":{"line":491,"column":11}},"164":{"start":{"line":494,"column":8},"end":{"line":494,"column":60}},"165":{"start":{"line":495,"column":8},"end":{"line":498,"column":11}},"166":{"start":{"line":507,"column":0},"end":{"line":568,"column":3}},"167":{"start":{"line":508,"column":4},"end":{"line":567,"column":5}},"168":{"start":{"line":518,"column":12},"end":{"line":518,"column":21}},"169":{"start":{"line":521,"column":23},"end":{"line":521,"column":25}},"170":{"start":{"line":523,"column":8},"end":{"line":523,"column":43}},"171":{"start":{"line":523,"column":20},"end":{"line":523,"column":43}},"172":{"start":{"line":524,"column":8},"end":{"line":524,"column":49}},"173":{"start":{"line":524,"column":22},"end":{"line":524,"column":49}},"174":{"start":{"line":525,"column":8},"end":{"line":525,"column":37}},"175":{"start":{"line":525,"column":18},"end":{"line":525,"column":37}},"176":{"start":{"line":527,"column":8},"end":{"line":532,"column":9}},"177":{"start":{"line":528,"column":12},"end":{"line":531,"column":14}},"178":{"start":{"line":535,"column":21},"end":{"line":535,"column":23}},"179":{"start":{"line":536,"column":8},"end":{"line":536,"column":53}},"180":{"start":{"line":539,"column":23},"end":{"line":543,"column":35}},"181":{"start":{"line":545,"column":22},"end":{"line":545,"column":56}},"182":{"start":{"line":547,"column":8},"end":{"line":559,"column":11}},"183":{"start":{"line":562,"column":8},"end":{"line":562,"column":70}},"184":{"start":{"line":563,"column":8},"end":{"line":566,"column":11}},"185":{"start":{"line":571,"column":0},"end":{"line":630,"column":3}},"186":{"start":{"line":572,"column":4},"end":{"line":629,"column":5}},"187":{"start":{"line":573,"column":23},"end":{"line":573,"column":33}},"188":{"start":{"line":574,"column":43},"end":{"line":574,"column":51}},"189":{"start":{"line":577,"column":8},"end":{"line":582,"column":9}},"190":{"start":{"line":578,"column":12},"end":{"line":581,"column":15}},"191":{"start":{"line":585,"column":30},"end":{"line":585,"column":65}},"192":{"start":{"line":586,"column":8},"end":{"line":591,"column":9}},"193":{"start":{"line":587,"column":12},"end":{"line":590,"column":15}},"194":{"start":{"line":594,"column":22},"end":{"line":594,"column":46}},"195":{"start":{"line":595,"column":8},"end":{"line":600,"column":9}},"196":{"start":{"line":596,"column":12},"end":{"line":599,"column":15}},"197":{"start":{"line":603,"column":26},"end":{"line":603,"column":38}},"198":{"start":{"line":606,"column":8},"end":{"line":606,"column":30}},"199":{"start":{"line":607,"column":8},"end":{"line":607,"column":70}},"200":{"start":{"line":608,"column":8},"end":{"line":608,"column":40}},"201":{"start":{"line":609,"column":8},"end":{"line":609,"column":39}},"202":{"start":{"line":610,"column":8},"end":{"line":610,"column":37}},"203":{"start":{"line":612,"column":8},"end":{"line":612,"column":27}},"204":{"start":{"line":615,"column":8},"end":{"line":615,"column":146}},"205":{"start":{"line":617,"column":8},"end":{"line":621,"column":11}},"206":{"start":{"line":624,"column":8},"end":{"line":624,"column":75}},"207":{"start":{"line":625,"column":8},"end":{"line":628,"column":11}},"208":{"start":{"line":637,"column":0},"end":{"line":664,"column":3}},"209":{"start":{"line":638,"column":4},"end":{"line":663,"column":5}},"210":{"start":{"line":639,"column":50},"end":{"line":644,"column":10}},"211":{"start":{"line":646,"column":31},"end":{"line":646,"column":81}},"212":{"start":{"line":647,"column":30},"end":{"line":647,"column":79}},"213":{"start":{"line":649,"column":8},"end":{"line":659,"column":11}},"214":{"start":{"line":661,"column":8},"end":{"line":661,"column":71}},"215":{"start":{"line":662,"column":8},"end":{"line":662,"column":85}},"216":{"start":{"line":667,"column":0},"end":{"line":723,"column":3}},"217":{"start":{"line":668,"column":4},"end":{"line":722,"column":5}},"218":{"start":{"line":678,"column":12},"end":{"line":678,"column":21}},"219":{"start":{"line":681,"column":23},"end":{"line":681,"column":25}},"220":{"start":{"line":683,"column":8},"end":{"line":683,"column":43}},"221":{"start":{"line":683,"column":20},"end":{"line":683,"column":43}},"222":{"start":{"line":684,"column":8},"end":{"line":684,"column":43}},"223":{"start":{"line":684,"column":20},"end":{"line":684,"column":43}},"224":{"start":{"line":686,"column":8},"end":{"line":690,"column":9}},"225":{"start":{"line":687,"column":12},"end":{"line":687,"column":34}},"226":{"start":{"line":688,"column":12},"end":{"line":688,"column":71}},"227":{"start":{"line":688,"column":27},"end":{"line":688,"column":71}},"228":{"start":{"line":689,"column":12},"end":{"line":689,"column":67}},"229":{"start":{"line":689,"column":25},"end":{"line":689,"column":67}},"230":{"start":{"line":693,"column":21},"end":{"line":693,"column":23}},"231":{"start":{"line":694,"column":8},"end":{"line":694,"column":53}},"232":{"start":{"line":697,"column":21},"end":{"line":701,"column":35}},"233":{"start":{"line":703,"column":22},"end":{"line":703,"column":64}},"234":{"start":{"line":705,"column":8},"end":{"line":714,"column":11}},"235":{"start":{"line":717,"column":8},"end":{"line":717,"column":61}},"236":{"start":{"line":718,"column":8},"end":{"line":721,"column":11}},"237":{"start":{"line":728,"column":0},"end":{"line":728,"column":24}}},"fnMap":{"0":{"name":"(anonymous_0)","decl":{"start":{"line":22,"column":55},"end":{"line":22,"column":56}},"loc":{"start":{"line":22,"column":75},"end":{"line":53,"column":1}},"line":22},"1":{"name":"(anonymous_1)","decl":{"start":{"line":56,"column":38},"end":{"line":56,"column":39}},"loc":{"start":{"line":56,"column":58},"end":{"line":153,"column":1}},"line":56},"2":{"name":"(anonymous_2)","decl":{"start":{"line":156,"column":59},"end":{"line":156,"column":60}},"loc":{"start":{"line":156,"column":79},"end":{"line":212,"column":1}},"line":156},"3":{"name":"(anonymous_3)","decl":{"start":{"line":219,"column":53},"end":{"line":219,"column":54}},"loc":{"start":{"line":219,"column":73},"end":{"line":319,"column":1}},"line":219},"4":{"name":"(anonymous_4)","decl":{"start":{"line":279,"column":59},"end":{"line":279,"column":60}},"loc":{"start":{"line":279,"column":75},"end":{"line":291,"column":9}},"line":279},"5":{"name":"(anonymous_5)","decl":{"start":{"line":322,"column":60},"end":{"line":322,"column":61}},"loc":{"start":{"line":322,"column":80},"end":{"line":418,"column":1}},"line":322},"6":{"name":"(anonymous_6)","decl":{"start":{"line":421,"column":58},"end":{"line":421,"column":59}},"loc":{"start":{"line":421,"column":78},"end":{"line":500,"column":1}},"line":421},"7":{"name":"(anonymous_7)","decl":{"start":{"line":507,"column":54},"end":{"line":507,"column":55}},"loc":{"start":{"line":507,"column":74},"end":{"line":568,"column":1}},"line":507},"8":{"name":"(anonymous_8)","decl":{"start":{"line":571,"column":65},"end":{"line":571,"column":66}},"loc":{"start":{"line":571,"column":85},"end":{"line":630,"column":1}},"line":571},"9":{"name":"(anonymous_9)","decl":{"start":{"line":637,"column":53},"end":{"line":637,"column":54}},"loc":{"start":{"line":637,"column":73},"end":{"line":664,"column":1}},"line":637},"10":{"name":"(anonymous_10)","decl":{"start":{"line":667,"column":48},"end":{"line":667,"column":49}},"loc":{"start":{"line":667,"column":68},"end":{"line":723,"column":1}},"line":667}},"branchMap":{"0":{"loc":{"start":{"line":24,"column":30},"end":{"line":24,"column":38}},"type":"default-arg","locations":[{"start":{"line":24,"column":37},"end":{"line":24,"column":38}}],"line":24},"1":{"loc":{"start":{"line":24,"column":40},"end":{"line":24,"column":50}},"type":"default-arg","locations":[{"start":{"line":24,"column":48},"end":{"line":24,"column":50}}],"line":24},"2":{"loc":{"start":{"line":26,"column":8},"end":{"line":26,"column":43}},"type":"if","locations":[{"start":{"line":26,"column":8},"end":{"line":26,"column":43}},{"start":{},"end":{}}],"line":26},"3":{"loc":{"start":{"line":27,"column":8},"end":{"line":27,"column":37}},"type":"if","locations":[{"start":{"line":27,"column":8},"end":{"line":27,"column":37}},{"start":{},"end":{}}],"line":27},"4":{"loc":{"start":{"line":62,"column":8},"end":{"line":67,"column":9}},"type":"if","locations":[{"start":{"line":62,"column":8},"end":{"line":67,"column":9}},{"start":{},"end":{}}],"line":62},"5":{"loc":{"start":{"line":62,"column":12},"end":{"line":62,"column":43}},"type":"binary-expr","locations":[{"start":{"line":62,"column":12},"end":{"line":62,"column":25}},{"start":{"line":62,"column":29},"end":{"line":62,"column":43}}],"line":62},"6":{"loc":{"start":{"line":69,"column":8},"end":{"line":74,"column":9}},"type":"if","locations":[{"start":{"line":69,"column":8},"end":{"line":74,"column":9}},{"start":{},"end":{}}],"line":69},"7":{"loc":{"start":{"line":69,"column":12},"end":{"line":69,"column":28}},"type":"binary-expr","locations":[{"start":{"line":69,"column":12},"end":{"line":69,"column":17}},{"start":{"line":69,"column":21},"end":{"line":69,"column":28}}],"line":69},"8":{"loc":{"start":{"line":78,"column":8},"end":{"line":83,"column":9}},"type":"if","locations":[{"start":{"line":78,"column":8},"end":{"line":83,"column":9}},{"start":{},"end":{}}],"line":78},"9":{"loc":{"start":{"line":86,"column":8},"end":{"line":91,"column":9}},"type":"if","locations":[{"start":{"line":86,"column":8},"end":{"line":91,"column":9}},{"start":{},"end":{}}],"line":86},"10":{"loc":{"start":{"line":86,"column":12},"end":{"line":86,"column":55}},"type":"binary-expr","locations":[{"start":{"line":86,"column":12},"end":{"line":86,"column":24}},{"start":{"line":86,"column":28},"end":{"line":86,"column":55}}],"line":86},"11":{"loc":{"start":{"line":94,"column":8},"end":{"line":102,"column":9}},"type":"if","locations":[{"start":{"line":94,"column":8},"end":{"line":102,"column":9}},{"start":{},"end":{}}],"line":94},"12":{"loc":{"start":{"line":96,"column":12},"end":{"line":101,"column":13}},"type":"if","locations":[{"start":{"line":96,"column":12},"end":{"line":101,"column":13}},{"start":{},"end":{}}],"line":96},"13":{"loc":{"start":{"line":105,"column":8},"end":{"line":113,"column":9}},"type":"if","locations":[{"start":{"line":105,"column":8},"end":{"line":113,"column":9}},{"start":{},"end":{}}],"line":105},"14":{"loc":{"start":{"line":107,"column":12},"end":{"line":112,"column":13}},"type":"if","locations":[{"start":{"line":107,"column":12},"end":{"line":112,"column":13}},{"start":{},"end":{}}],"line":107},"15":{"loc":{"start":{"line":118,"column":26},"end":{"line":118,"column":46}},"type":"binary-expr","locations":[{"start":{"line":118,"column":26},"end":{"line":118,"column":38}},{"start":{"line":118,"column":42},"end":{"line":118,"column":46}}],"line":118},"16":{"loc":{"start":{"line":119,"column":27},"end":{"line":119,"column":48}},"type":"binary-expr","locations":[{"start":{"line":119,"column":27},"end":{"line":119,"column":40}},{"start":{"line":119,"column":44},"end":{"line":119,"column":48}}],"line":119},"17":{"loc":{"start":{"line":122,"column":25},"end":{"line":122,"column":42}},"type":"binary-expr","locations":[{"start":{"line":122,"column":25},"end":{"line":122,"column":36}},{"start":{"line":122,"column":40},"end":{"line":122,"column":42}}],"line":122},"18":{"loc":{"start":{"line":130,"column":8},"end":{"line":132,"column":9}},"type":"if","locations":[{"start":{"line":130,"column":8},"end":{"line":132,"column":9}},{"start":{},"end":{}}],"line":130},"19":{"loc":{"start":{"line":133,"column":8},"end":{"line":135,"column":9}},"type":"if","locations":[{"start":{"line":133,"column":8},"end":{"line":135,"column":9}},{"start":{},"end":{}}],"line":133},"20":{"loc":{"start":{"line":163,"column":8},"end":{"line":168,"column":9}},"type":"if","locations":[{"start":{"line":163,"column":8},"end":{"line":168,"column":9}},{"start":{},"end":{}}],"line":163},"21":{"loc":{"start":{"line":163,"column":12},"end":{"line":163,"column":53}},"type":"binary-expr","locations":[{"start":{"line":163,"column":12},"end":{"line":163,"column":18}},{"start":{"line":163,"column":22},"end":{"line":163,"column":53}}],"line":163},"22":{"loc":{"start":{"line":172,"column":8},"end":{"line":177,"column":9}},"type":"if","locations":[{"start":{"line":172,"column":8},"end":{"line":177,"column":9}},{"start":{},"end":{}}],"line":172},"23":{"loc":{"start":{"line":183,"column":8},"end":{"line":183,"column":43}},"type":"if","locations":[{"start":{"line":183,"column":8},"end":{"line":183,"column":43}},{"start":{},"end":{}}],"line":183},"24":{"loc":{"start":{"line":184,"column":8},"end":{"line":184,"column":67}},"type":"if","locations":[{"start":{"line":184,"column":8},"end":{"line":184,"column":67}},{"start":{},"end":{}}],"line":184},"25":{"loc":{"start":{"line":202,"column":37},"end":{"line":202,"column":125}},"type":"cond-expr","locations":[{"start":{"line":202,"column":61},"end":{"line":202,"column":70}},{"start":{"line":202,"column":73},"end":{"line":202,"column":125}}],"line":202},"26":{"loc":{"start":{"line":202,"column":73},"end":{"line":202,"column":125}},"type":"cond-expr","locations":[{"start":{"line":202,"column":98},"end":{"line":202,"column":110}},{"start":{"line":202,"column":113},"end":{"line":202,"column":125}}],"line":202},"27":{"loc":{"start":{"line":226,"column":12},"end":{"line":226,"column":20}},"type":"default-arg","locations":[{"start":{"line":226,"column":19},"end":{"line":226,"column":20}}],"line":226},"28":{"loc":{"start":{"line":227,"column":12},"end":{"line":227,"column":22}},"type":"default-arg","locations":[{"start":{"line":227,"column":20},"end":{"line":227,"column":22}}],"line":227},"29":{"loc":{"start":{"line":228,"column":12},"end":{"line":228,"column":32}},"type":"default-arg","locations":[{"start":{"line":228,"column":21},"end":{"line":228,"column":32}}],"line":228},"30":{"loc":{"start":{"line":229,"column":12},"end":{"line":229,"column":30}},"type":"default-arg","locations":[{"start":{"line":229,"column":24},"end":{"line":229,"column":30}}],"line":229},"31":{"loc":{"start":{"line":236,"column":8},"end":{"line":242,"column":9}},"type":"if","locations":[{"start":{"line":236,"column":8},"end":{"line":242,"column":9}},{"start":{},"end":{}}],"line":236},"32":{"loc":{"start":{"line":245,"column":8},"end":{"line":247,"column":9}},"type":"if","locations":[{"start":{"line":245,"column":8},"end":{"line":247,"column":9}},{"start":{},"end":{}}],"line":245},"33":{"loc":{"start":{"line":250,"column":8},"end":{"line":254,"column":9}},"type":"if","locations":[{"start":{"line":250,"column":8},"end":{"line":254,"column":9}},{"start":{"line":252,"column":15},"end":{"line":254,"column":9}}],"line":250},"34":{"loc":{"start":{"line":252,"column":15},"end":{"line":254,"column":9}},"type":"if","locations":[{"start":{"line":252,"column":15},"end":{"line":254,"column":9}},{"start":{},"end":{}}],"line":252},"35":{"loc":{"start":{"line":257,"column":8},"end":{"line":259,"column":9}},"type":"if","locations":[{"start":{"line":257,"column":8},"end":{"line":259,"column":9}},{"start":{},"end":{}}],"line":257},"36":{"loc":{"start":{"line":263,"column":23},"end":{"line":263,"column":52}},"type":"cond-expr","locations":[{"start":{"line":263,"column":46},"end":{"line":263,"column":48}},{"start":{"line":263,"column":51},"end":{"line":263,"column":52}}],"line":263},"37":{"loc":{"start":{"line":305,"column":24},"end":{"line":305,"column":38}},"type":"binary-expr","locations":[{"start":{"line":305,"column":24},"end":{"line":305,"column":30}},{"start":{"line":305,"column":34},"end":{"line":305,"column":38}}],"line":305},"38":{"loc":{"start":{"line":306,"column":22},"end":{"line":306,"column":34}},"type":"binary-expr","locations":[{"start":{"line":306,"column":22},"end":{"line":306,"column":26}},{"start":{"line":306,"column":30},"end":{"line":306,"column":34}}],"line":306},"39":{"loc":{"start":{"line":307,"column":24},"end":{"line":307,"column":38}},"type":"binary-expr","locations":[{"start":{"line":307,"column":24},"end":{"line":307,"column":30}},{"start":{"line":307,"column":34},"end":{"line":307,"column":38}}],"line":307},"40":{"loc":{"start":{"line":308,"column":27},"end":{"line":308,"column":44}},"type":"binary-expr","locations":[{"start":{"line":308,"column":27},"end":{"line":308,"column":36}},{"start":{"line":308,"column":40},"end":{"line":308,"column":44}}],"line":308},"41":{"loc":{"start":{"line":328,"column":8},"end":{"line":333,"column":9}},"type":"if","locations":[{"start":{"line":328,"column":8},"end":{"line":333,"column":9}},{"start":{},"end":{}}],"line":328},"42":{"loc":{"start":{"line":328,"column":12},"end":{"line":328,"column":51}},"type":"binary-expr","locations":[{"start":{"line":328,"column":12},"end":{"line":328,"column":32}},{"start":{"line":328,"column":36},"end":{"line":328,"column":51}}],"line":328},"43":{"loc":{"start":{"line":336,"column":8},"end":{"line":341,"column":9}},"type":"if","locations":[{"start":{"line":336,"column":8},"end":{"line":341,"column":9}},{"start":{},"end":{}}],"line":336},"44":{"loc":{"start":{"line":345,"column":8},"end":{"line":350,"column":9}},"type":"if","locations":[{"start":{"line":345,"column":8},"end":{"line":350,"column":9}},{"start":{},"end":{}}],"line":345},"45":{"loc":{"start":{"line":353,"column":8},"end":{"line":358,"column":9}},"type":"if","locations":[{"start":{"line":353,"column":8},"end":{"line":358,"column":9}},{"start":{},"end":{}}],"line":353},"46":{"loc":{"start":{"line":361,"column":8},"end":{"line":369,"column":9}},"type":"if","locations":[{"start":{"line":361,"column":8},"end":{"line":369,"column":9}},{"start":{},"end":{}}],"line":361},"47":{"loc":{"start":{"line":361,"column":12},"end":{"line":361,"column":53}},"type":"binary-expr","locations":[{"start":{"line":361,"column":12},"end":{"line":361,"column":28}},{"start":{"line":361,"column":32},"end":{"line":361,"column":53}}],"line":361},"48":{"loc":{"start":{"line":363,"column":12},"end":{"line":368,"column":13}},"type":"if","locations":[{"start":{"line":363,"column":12},"end":{"line":368,"column":13}},{"start":{},"end":{}}],"line":363},"49":{"loc":{"start":{"line":376,"column":32},"end":{"line":376,"column":90}},"type":"cond-expr","locations":[{"start":{"line":376,"column":41},"end":{"line":376,"column":45}},{"start":{"line":376,"column":49},"end":{"line":376,"column":89}}],"line":376},"50":{"loc":{"start":{"line":376,"column":49},"end":{"line":376,"column":89}},"type":"binary-expr","locations":[{"start":{"line":376,"column":49},"end":{"line":376,"column":55}},{"start":{"line":376,"column":59},"end":{"line":376,"column":89}}],"line":376},"51":{"loc":{"start":{"line":377,"column":27},"end":{"line":377,"column":53}},"type":"cond-expr","locations":[{"start":{"line":377,"column":36},"end":{"line":377,"column":40}},{"start":{"line":377,"column":43},"end":{"line":377,"column":53}}],"line":377},"52":{"loc":{"start":{"line":383,"column":8},"end":{"line":387,"column":9}},"type":"if","locations":[{"start":{"line":383,"column":8},"end":{"line":387,"column":9}},{"start":{},"end":{}}],"line":383},"53":{"loc":{"start":{"line":390,"column":50},"end":{"line":390,"column":83}},"type":"cond-expr","locations":[{"start":{"line":390,"column":59},"end":{"line":390,"column":71}},{"start":{"line":390,"column":74},"end":{"line":390,"column":83}}],"line":390},"54":{"loc":{"start":{"line":390,"column":110},"end":{"line":390,"column":146}},"type":"cond-expr","locations":[{"start":{"line":390,"column":119},"end":{"line":390,"column":141}},{"start":{"line":390,"column":144},"end":{"line":390,"column":146}}],"line":390},"55":{"loc":{"start":{"line":408,"column":21},"end":{"line":408,"column":94}},"type":"cond-expr","locations":[{"start":{"line":408,"column":30},"end":{"line":408,"column":62}},{"start":{"line":408,"column":65},"end":{"line":408,"column":94}}],"line":408},"56":{"loc":{"start":{"line":427,"column":8},"end":{"line":432,"column":9}},"type":"if","locations":[{"start":{"line":427,"column":8},"end":{"line":432,"column":9}},{"start":{},"end":{}}],"line":427},"57":{"loc":{"start":{"line":436,"column":8},"end":{"line":441,"column":9}},"type":"if","locations":[{"start":{"line":436,"column":8},"end":{"line":441,"column":9}},{"start":{},"end":{}}],"line":436},"58":{"loc":{"start":{"line":445,"column":8},"end":{"line":450,"column":9}},"type":"if","locations":[{"start":{"line":445,"column":8},"end":{"line":450,"column":9}},{"start":{},"end":{}}],"line":445},"59":{"loc":{"start":{"line":453,"column":8},"end":{"line":461,"column":9}},"type":"if","locations":[{"start":{"line":453,"column":8},"end":{"line":461,"column":9}},{"start":{},"end":{}}],"line":453},"60":{"loc":{"start":{"line":453,"column":12},"end":{"line":453,"column":53}},"type":"binary-expr","locations":[{"start":{"line":453,"column":12},"end":{"line":453,"column":28}},{"start":{"line":453,"column":32},"end":{"line":453,"column":53}}],"line":453},"61":{"loc":{"start":{"line":455,"column":12},"end":{"line":460,"column":13}},"type":"if","locations":[{"start":{"line":455,"column":12},"end":{"line":460,"column":13}},{"start":{},"end":{}}],"line":455},"62":{"loc":{"start":{"line":464,"column":8},"end":{"line":469,"column":9}},"type":"if","locations":[{"start":{"line":464,"column":8},"end":{"line":469,"column":9}},{"start":{},"end":{}}],"line":464},"63":{"loc":{"start":{"line":514,"column":12},"end":{"line":514,"column":20}},"type":"default-arg","locations":[{"start":{"line":514,"column":19},"end":{"line":514,"column":20}}],"line":514},"64":{"loc":{"start":{"line":515,"column":12},"end":{"line":515,"column":22}},"type":"default-arg","locations":[{"start":{"line":515,"column":20},"end":{"line":515,"column":22}}],"line":515},"65":{"loc":{"start":{"line":516,"column":12},"end":{"line":516,"column":32}},"type":"default-arg","locations":[{"start":{"line":516,"column":21},"end":{"line":516,"column":32}}],"line":516},"66":{"loc":{"start":{"line":517,"column":12},"end":{"line":517,"column":30}},"type":"default-arg","locations":[{"start":{"line":517,"column":24},"end":{"line":517,"column":30}}],"line":517},"67":{"loc":{"start":{"line":523,"column":8},"end":{"line":523,"column":43}},"type":"if","locations":[{"start":{"line":523,"column":8},"end":{"line":523,"column":43}},{"start":{},"end":{}}],"line":523},"68":{"loc":{"start":{"line":524,"column":8},"end":{"line":524,"column":49}},"type":"if","locations":[{"start":{"line":524,"column":8},"end":{"line":524,"column":49}},{"start":{},"end":{}}],"line":524},"69":{"loc":{"start":{"line":525,"column":8},"end":{"line":525,"column":37}},"type":"if","locations":[{"start":{"line":525,"column":8},"end":{"line":525,"column":37}},{"start":{},"end":{}}],"line":525},"70":{"loc":{"start":{"line":527,"column":8},"end":{"line":532,"column":9}},"type":"if","locations":[{"start":{"line":527,"column":8},"end":{"line":532,"column":9}},{"start":{},"end":{}}],"line":527},"71":{"loc":{"start":{"line":536,"column":23},"end":{"line":536,"column":52}},"type":"cond-expr","locations":[{"start":{"line":536,"column":46},"end":{"line":536,"column":48}},{"start":{"line":536,"column":51},"end":{"line":536,"column":52}}],"line":536},"72":{"loc":{"start":{"line":577,"column":8},"end":{"line":582,"column":9}},"type":"if","locations":[{"start":{"line":577,"column":8},"end":{"line":582,"column":9}},{"start":{},"end":{}}],"line":577},"73":{"loc":{"start":{"line":586,"column":8},"end":{"line":591,"column":9}},"type":"if","locations":[{"start":{"line":586,"column":8},"end":{"line":591,"column":9}},{"start":{},"end":{}}],"line":586},"74":{"loc":{"start":{"line":595,"column":8},"end":{"line":600,"column":9}},"type":"if","locations":[{"start":{"line":595,"column":8},"end":{"line":600,"column":9}},{"start":{},"end":{}}],"line":595},"75":{"loc":{"start":{"line":607,"column":31},"end":{"line":607,"column":69}},"type":"binary-expr","locations":[{"start":{"line":607,"column":31},"end":{"line":607,"column":45}},{"start":{"line":607,"column":49},"end":{"line":607,"column":69}}],"line":607},"76":{"loc":{"start":{"line":615,"column":69},"end":{"line":615,"column":118}},"type":"cond-expr","locations":[{"start":{"line":615,"column":93},"end":{"line":615,"column":104}},{"start":{"line":615,"column":107},"end":{"line":615,"column":118}}],"line":615},"77":{"loc":{"start":{"line":620,"column":35},"end":{"line":620,"column":84}},"type":"cond-expr","locations":[{"start":{"line":620,"column":59},"end":{"line":620,"column":70}},{"start":{"line":620,"column":73},"end":{"line":620,"column":84}}],"line":620},"78":{"loc":{"start":{"line":674,"column":12},"end":{"line":674,"column":20}},"type":"default-arg","locations":[{"start":{"line":674,"column":19},"end":{"line":674,"column":20}}],"line":674},"79":{"loc":{"start":{"line":675,"column":12},"end":{"line":675,"column":22}},"type":"default-arg","locations":[{"start":{"line":675,"column":20},"end":{"line":675,"column":22}}],"line":675},"80":{"loc":{"start":{"line":676,"column":12},"end":{"line":676,"column":32}},"type":"default-arg","locations":[{"start":{"line":676,"column":21},"end":{"line":676,"column":32}}],"line":676},"81":{"loc":{"start":{"line":677,"column":12},"end":{"line":677,"column":30}},"type":"default-arg","locations":[{"start":{"line":677,"column":24},"end":{"line":677,"column":30}}],"line":677},"82":{"loc":{"start":{"line":683,"column":8},"end":{"line":683,"column":43}},"type":"if",
[...]
t":{"line":2,"column":15},"end":{"line":2,"column":31}},"2":{"start":{"line":3,"column":14},"end":{"line":3,"column":40}},"3":{"start":{"line":8,"column":0},"end":{"line":46,"column":3}},"4":{"start":{"line":9,"column":25},"end":{"line":9,"column":34}},"5":{"start":{"line":10,"column":4},"end":{"line":12,"column":5}},"6":{"start":{"line":11,"column":8},"end":{"line":11,"column":86}},"7":{"start":{"line":14,"column":4},"end":{"line":14,"column":75}},"8":{"start":{"line":16,"column":23},"end":{"line":39,"column":5}},"9":{"start":{"line":41,"column":4},"end":{"line":45,"column":7}},"10":{"start":{"line":51,"column":0},"end":{"line":86,"column":3}},"11":{"start":{"line":52,"column":4},"end":{"line":85,"column":5}},"12":{"start":{"line":53,"column":64},"end":{"line":53,"column":72}},"13":{"start":{"line":55,"column":8},"end":{"line":60,"column":9}},"14":{"start":{"line":56,"column":12},"end":{"line":59,"column":15}},"15":{"start":{"line":62,"column":22},"end":{"line":69,"column":10}},"16":{"start":{"line":71,"column":8},"end":{"line":71,"column":27}},"17":{"start":{"line":73,"column":8},"end":{"line":77,"column":11}},"18":{"start":{"line":80,"column":8},"end":{"line":80,"column":56}},"19":{"start":{"line":81,"column":8},"end":{"line":84,"column":11}},"20":{"start":{"line":88,"column":0},"end":{"line":88,"column":24}}},"fnMap":{"0":{"name":"(anonymous_0)","decl":{"start":{"line":8,"column":22},"end":{"line":8,"column":23}},"loc":{"start":{"line":8,"column":36},"end":{"line":46,"column":1}},"line":8},"1":{"name":"(anonymous_1)","decl":{"start":{"line":51,"column":17},"end":{"line":51,"column":18}},"loc":{"start":{"line":51,"column":37},"end":{"line":86,"column":1}},"line":51}},"branchMap":{"0":{"loc":{"start":{"line":10,"column":4},"end":{"line":12,"column":5}},"type":"if","locations":[{"start":{"line":10,"column":4},"end":{"line":12,"column":5}},{"start":{},"end":{}}],"line":10},"1":{"loc":{"start":{"line":10,"column":8},"end":{"line":10,"column":20}},"type":"binary-expr","locations":[{"start":{"line":10,"column":8},"end":{"line":10,"column":12}},{"start":{"line":10,"column":16},"end":{"line":10,"column":20}}],"line":10},"2":{"loc":{"start":{"line":55,"column":8},"end":{"line":60,"column":9}},"type":"if","locations":[{"start":{"line":55,"column":8},"end":{"line":60,"column":9}},{"start":{},"end":{}}],"line":55},"3":{"loc":{"start":{"line":55,"column":12},"end":{"line":55,"column":31}},"type":"binary-expr","locations":[{"start":{"line":55,"column":12},"end":{"line":55,"column":18}},{"start":{"line":55,"column":22},"end":{"line":55,"column":31}}],"line":55},"4":{"loc":{"start":{"line":66,"column":20},"end":{"line":66,"column":45}},"type":"binary-expr","locations":[{"start":{"line":66,"column":20},"end":{"line":66,"column":26}},{"start":{"line":66,"column":30},"end":{"line":66,"column":45}}],"line":66},"5":{"loc":{"start":{"line":67,"column":19},"end":{"line":67,"column":29}},"type":"binary-expr","locations":[{"start":{"line":67,"column":19},"end":{"line":67,"column":24}},{"start":{"line":67,"column":28},"end":{"line":67,"column":29}}],"line":67}},"s":{"0":0,"1":0,"2":0,"3":0,"4":0,"5":0,"6":0,"7":0,"8":0,"9":0,"10":0,"11":0,"12":0,"13":0,"14":0,"15":0,"16":0,"17":0,"18":0,"19":0,"20":0},"f":{"0":0,"1":0},"b":{"0":[0,0],"1":[0,0],"2":[0,0],"3":[0,0],"4":[0,0],"5":[0,0]}}
,"C:\\Users\\user\\Desktop\\MyZubster\\MyZubster\\backend\\src\\services\\booking.service.js": {"path":"C:\\Users\\user\\Desktop\\MyZubster\\MyZubster\\backend\\src\\services\\booking.service.js","statementMap":{"0":{"start":{"line":1,"column":16},"end":{"line":1,"column":44}},"1":{"start":{"line":2,"column":17},"end":{"line":2,"column":36}},"2":{"start":{"line":6,"column":4},"end":{"line":8,"column":5}},"3":{"start":{"line":7,"column":6},"end":{"line":7,"column":98}},"4":{"start":{"line":10,"column":19},"end":{"line":12,"column":5}},"5":{"start":{"line":13,"column":4},"end":{"line":13,"column":39}},"6":{"start":{"line":13,"column":16},"end":{"line":13,"column":39}},"7":{"start":{"line":15,"column":17},"end":{"line":15,"column":55}},"8":{"start":{"line":17,"column":21},"end":{"line":23,"column":29}},"9":{"start":{"line":25,"column":18},"end":{"line":25,"column":54}},"10":{"start":{"line":27,"column":30},"end":{"line":44,"column":7}},"11":{"start":{"line":27,"column":55},"end":{"line":44,"column":5}},"12":{"start":{"line":46,"column":4},"end":{"line":49,"column":6}},"13":{"start":{"line":53,"column":4},"end":{"line":53,"column":34}},"14":{"start":{"line":54,"column":20},"end":{"line":54,"column":44}},"15":{"start":{"line":55,"column":4},"end":{"line":55,"column":32}},"16":{"start":{"line":59,"column":20},"end":{"line":59,"column":53}},"17":{"start":{"line":60,"column":4},"end":{"line":60,"column":55}},"18":{"start":{"line":60,"column":18},"end":{"line":60,"column":55}},"19":{"start":{"line":62,"column":4},"end":{"line":64,"column":5}},"20":{"start":{"line":63,"column":6},"end":{"line":63,"column":38}},"21":{"start":{"line":66,"column":4},"end":{"line":66,"column":28}},"22":{"start":{"line":67,"column":4},"end":{"line":67,"column":32}},"23":{"start":{"line":71,"column":20},"end":{"line":74,"column":56}},"24":{"start":{"line":76,"column":4},"end":{"line":76,"column":55}},"25":{"start":{"line":76,"column":18},"end":{"line":76,"column":55}},"26":{"start":{"line":77,"column":4},"end":{"line":77,"column":19}},"27":{"start":{"line":81,"column":45},"end":{"line":81,"column":52}},"28":{"start":{"line":82,"column":19},"end":{"line":82,"column":21}},"29":{"start":{"line":83,"column":4},"end":{"line":83,"column":39}},"30":{"start":{"line":83,"column":16},"end":{"line":83,"column":39}},"31":{"start":{"line":85,"column":17},"end":{"line":85,"column":55}},"32":{"start":{"line":86,"column":21},"end":{"line":92,"column":29}},"33":{"start":{"line":94,"column":18},"end":{"line":94,"column":54}},"34":{"start":{"line":95,"column":4},"end":{"line":95,"column":99}},"35":{"start":{"line":99,"column":0},"end":{"line":99,"column":38}}},"fnMap":{"0":{"name":"(anonymous_0)","decl":{"start":{"line":5,"column":2},"end":{"line":5,"column":3}},"loc":{"start":{"line":5,"column":71},"end":{"line":50,"column":3}},"line":5},"1":{"name":"(anonymous_1)","decl":{"start":{"line":27,"column":43},"end":{"line":27,"column":44}},"loc":{"start":{"line":27,"column":55},"end":{"line":44,"column":5}},"line":27},"2":{"name":"(anonymous_2)","decl":{"start":{"line":52,"column":2},"end":{"line":52,"column":3}},"loc":{"start":{"line":52,"column":36},"end":{"line":56,"column":3}},"line":52},"3":{"name":"(anonymous_3)","decl":{"start":{"line":58,"column":2},"end":{"line":58,"column":3}},"loc":{"start":{"line":58,"column":48},"end":{"line":68,"column":3}},"line":58},"4":{"name":"(anonymous_4)","decl":{"start":{"line":70,"column":2},"end":{"line":70,"column":3}},"loc":{"start":{"line":70,"column":27},"end":{"line":78,"column":3}},"line":70},"5":{"name":"(anonymous_5)","decl":{"start":{"line":80,"column":2},"end":{"line":80,"column":3}},"loc":{"start":{"line":80,"column":29},"end":{"line":96,"column":3}},"line":80}},"branchMap":{"0":{"loc":{"start":{"line":5,"column":29},"end":{"line":5,"column":37}},"type":"default-arg","locations":[{"start":{"line":5,"column":36},"end":{"line":5,"column":37}}],"line":5},"1":{"loc":{"start":{"line":5,"column":39},"end":{"line":5,"column":49}},"type":"default-arg","locations":[{"start":{"line":5,"column":47},"end":{"line":5,"column":49}}],"line":5},"2":{"loc":{"start":{"line":6,"column":4},"end":{"line":8,"column":5}},"type":"if","locations":[{"start":{"line":6,"column":4},"end":{"line":8,"column":5}},{"start":{},"end":{}}],"line":6},"3":{"loc":{"start":{"line":13,"column":4},"end":{"line":13,"column":39}},"type":"if","locations":[{"start":{"line":13,"column":4},"end":{"line":13,"column":39}},{"start":{},"end":{}}],"line":13},"4":{"loc":{"start":{"line":29,"column":15},"end":{"line":29,"column":43}},"type":"binary-expr","locations":[{"start":{"line":29,"column":15},"end":{"line":29,"column":35}},{"start":{"line":29,"column":39},"end":{"line":29,"column":43}}],"line":29},"5":{"loc":{"start":{"line":30,"column":18},"end":{"line":30,"column":48}},"type":"binary-expr","locations":[{"start":{"line":30,"column":18},"end":{"line":30,"column":40}},{"start":{"line":30,"column":44},"end":{"line":30,"column":48}}],"line":30},"6":{"loc":{"start":{"line":31,"column":21},"end":{"line":31,"column":54}},"type":"binary-expr","locations":[{"start":{"line":31,"column":21},"end":{"line":31,"column":46}},{"start":{"line":31,"column":50},"end":{"line":31,"column":54}}],"line":31},"7":{"loc":{"start":{"line":32,"column":16},"end":{"line":32,"column":45}},"type":"binary-expr","locations":[{"start":{"line":32,"column":16},"end":{"line":32,"column":37}},{"start":{"line":32,"column":41},"end":{"line":32,"column":45}}],"line":32},"8":{"loc":{"start":{"line":33,"column":18},"end":{"line":33,"column":48}},"type":"binary-expr","locations":[{"start":{"line":33,"column":18},"end":{"line":33,"column":40}},{"start":{"line":33,"column":44},"end":{"line":33,"column":48}}],"line":33},"9":{"loc":{"start":{"line":34,"column":20},"end":{"line":34,"column":52}},"type":"binary-expr","locations":[{"start":{"line":34,"column":20},"end":{"line":34,"column":44}},{"start":{"line":34,"column":48},"end":{"line":34,"column":52}}],"line":34},"10":{"loc":{"start":{"line":35,"column":22},"end":{"line":35,"column":57}},"type":"binary-expr","locations":[{"start":{"line":35,"column":22},"end":{"line":35,"column":49}},{"start":{"line":35,"column":53},"end":{"line":35,"column":57}}],"line":35},"11":{"loc":{"start":{"line":36,"column":24},"end":{"line":36,"column":60}},"type":"binary-expr","locations":[{"start":{"line":36,"column":24},"end":{"line":36,"column":52}},{"start":{"line":36,"column":56},"end":{"line":36,"column":60}}],"line":36},"12":{"loc":{"start":{"line":37,"column":26},"end":{"line":37,"column":64}},"type":"binary-expr","locations":[{"start":{"line":37,"column":26},"end":{"line":37,"column":56}},{"start":{"line":37,"column":60},"end":{"line":37,"column":64}}],"line":37},"13":{"loc":{"start":{"line":60,"column":4},"end":{"line":60,"column":55}},"type":"if","locations":[{"start":{"line":60,"column":4},"end":{"line":60,"column":55}},{"start":{},"end":{}}],"line":60},"14":{"loc":{"start":{"line":62,"column":4},"end":{"line":64,"column":5}},"type":"if","locations":[{"start":{"line":62,"column":4},"end":{"line":64,"column":5}},{"start":{},"end":{}}],"line":62},"15":{"loc":{"start":{"line":62,"column":8},"end":{"line":62,"column":94}},"type":"binary-expr","locations":[{"start":{"line":62,"column":8},"end":{"line":62,"column":46}},{"start":{"line":62,"column":50},"end":{"line":62,"column":94}}],"line":62},"16":{"loc":{"start":{"line":76,"column":4},"end":{"line":76,"column":55}},"type":"if","locations":[{"start":{"line":76,"column":4},"end":{"line":76,"column":55}},{"start":{},"end":{}}],"line":76},"17":{"loc":{"start":{"line":80,"column":15},"end":{"line":80,"column":27}},"type":"default-arg","locations":[{"start":{"line":80,"column":25},"end":{"line":80,"column":27}}],"line":80},"18":{"loc":{"start":{"line":81,"column":12},"end":{"line":81,"column":20}},"type":"default-arg","locations":[{"start":{"line":81,"column":19},"end":{"line":81,"column":20}}],"line":81},"19":{"loc":{"start":{"line":81,"column":22},"end":{"line":81,"column":32}},"type":"default-arg","locations":[{"start":{"line":81,"column":30},"end":{"line":81,"column":32}}],"line":81},"20":{"loc":{"start":{"line":83,"column":4},"end":{"line":83,"column":39}},"type":"if","locations":[{"start":{"line":83,"column":4},"end":{"line":83,"column":39}},{"start":{},"end":{}}],"line":83}},"s":{"0":0,"1":0,"2":0,"3":0,"4":0,"5":0,"6":0,"7":0,"8":0,"9":0,"10":0,"11":0,"12":0,"13":0,"14":0,"15":0,"16":0,"17":0,"18":0,"19":0,"20":0,"21":0,"22":0,"23":0,"24":0,"25":0,"26":0,"27":0,"28":0,"29":0,"30":0,"31":0,"32":0,"33":0,"34":0,"35":0},"f":{"0":0,"1":0,"2":0,"3":0,"4":0,"5":0},"b":{"0":[0],"1":[0],"2":[0,0],"3":[0,0],"4":[0,0],"5":[0,0],"6":[0,0],"7":[0,0],"8":[0,0],"9":[0,0],"10":[0,0],"11":[0,0],"12":[0,0],"13":[0,0],"14":[0,0],"15":[0,0],"16":[0,0],"17":[0],"18":[0],"19":[0],"20":[0,0]}}
,"C:\\Users\\user\\Desktop\\MyZubster\\MyZubster\\backend\\src\\services\\groqService.js": {"path":"C:\\Users\\user\\Desktop\\MyZubster\\MyZubster\\backend\\src\\services\\groqService.js","statementMap":{"0":{"start":{"line":6,"column":25},"end":{"line":12,"column":5}},"1":{"start":{"line":15,"column":16},"end":{"line":15,"column":45}},"2":{"start":{"line":16,"column":24},"end":{"line":17,"column":145}},"3":{"start":{"line":19,"column":4},"end":{"line":19,"column":23}},"4":{"start":{"line":22,"column":0},"end":{"line":22,"column":48}}},"fnMap":{"0":{"name":"generateServiceDescription","decl":{"start":{"line":4,"column":15},"end":{"line":4,"column":41}},"loc":{"start":{"line":4,"column":59},"end":{"line":20,"column":1}},"line":4}},"branchMap":{"0":{"loc":{"start":{"line":15,"column":16},"end":{"line":15,"column":45}},"type":"binary-expr","locations":[{"start":{"line":15,"column":16},"end":{"line":15,"column":39}},{"start":{"line":15,"column":43},"end":{"line":15,"column":45}}],"line":15},"1":{"loc":{"start":{"line":16,"column":24},"end":{"line":17,"column":145}},"type":"binary-expr","locations":[{"start":{"line":16,"column":24},"end":{"line":16,"column":41}},{"start":{"line":17,"column":8},"end":{"line":17,"column":145}}],"line":16}},"s":{"0":0,"1":0,"2":0,"3":0,"4":0},"f":{"0":0},"b":{"0":[0,0],"1":[0,0]}}
,"C:\\Users\\user\\Desktop\\MyZubster\\MyZubster\\backend\\src\\services\\notificationService.js": {"path":"C:\\Users\\user\\Desktop\\MyZubster\\MyZubster\\backend\\src\\services\\notificationService.js","statementMap":{"0":{"start":{"line":1,"column":14},"end":{"line":1,"column":39}},"1":{"start":{"line":3,"column":18},"end":{"line":3,"column":23}},"2":{"start":{"line":6,"column":2},"end":{"line":9,"column":3}},"3":{"start":{"line":7,"column":4},"end":{"line":7,"column":23}},"4":{"start":{"line":8,"column":4},"end":{"line":8,"column":16}},"5":{"start":{"line":11,"column":29},"end":{"line":11,"column":70}},"6":{"start":{"line":12,"column":29},"end":{"line":12,"column":70}},"7":{"start":{"line":14,"column":2},"end":{"line":35,"column":3}},"8":{"start":{"line":15,"column":4},"end":{"line":28,"column":5}},"9":{"start":{"line":16,"column":6},"end":{"line":18,"column":9}},"10":{"start":{"line":19,"column":11},"end":{"line":28,"column":5}},"11":{"start":{"line":21,"column":29},"end":{"line":21,"column":56}},"12":{"start":{"line":22,"column":6},"end":{"line":24,"column":9}},"13":{"start":{"line":26,"column":6},"end":{"line":26,"column":82}},"14":{"start":{"line":27,"column":6},"end":{"line":27,"column":19}},"15":{"start":{"line":30,"column":4},"end":{"line":30,"column":23}},"16":{"start":{"line":31,"column":4},"end":{"line":31,"column":16}},"17":{"start":{"line":33,"column":4},"end":{"line":33,"column":66}},"18":{"start":{"line":34,"column":4},"end":{"line":34,"column":17}},"19":{"start":{"line":39,"column":2},"end":{"line":43,"column":4}},"20":{"start":{"line":41,"column":29},"end":{"line":41,"column":66}},"21":{"start":{"line":42,"column":29},"end":{"line":42,"column":49}},"22":{"start":{"line":47,"column":2},"end":{"line":47,"column":26}},"23":{"start":{"line":47,"column":14},"end":{"line":47,"column":26}},"24":{"start":{"line":48,"column":2},"end":{"line":48,"column":46}},"25":{"start":{"line":48,"column":34},"end":{"line":48,"column":46}},"26":{"start":{"line":50,"column":2},"end":{"line":60,"column":5}},"27":{"start":{"line":64,"column":23},"end":{"line":64,"column":96}},"28":{"start":{"line":65,"column":18},"end":{"line":65,"column":20}},"29":{"start":{"line":67,"column":2},"end":{"line":74,"column":3}},"30":{"start":{"line":68,"column":4},"end":{"line":73,"column":5}},"31":{"start":{"line":69,"column":24},"end":{"line":69,"column":76}},"32":{"start":{"line":70,"column":6},"end":{"line":70,"column":65}},"33":{"start":{"line":72,"column":6},"end":{"line":72,"column":63}},"34":{"start":{"line":76,"column":2},"end":{"line":76,"column":17}},"35":{"start":{"line":79,"column":0},"end":{"line":83,"column":2}}},"fnMap":{"0":{"name":"initializeFirebaseAdmin","decl":{"start":{"line":5,"column":9},"end":{"line":5,"column":32}},"loc":{"start":{"line":5,"column":35},"end":{"line":36,"column":1}},"line":5},"1":{"name":"stringifyData","decl":{"start":{"line":38,"column":9},"end":{"line":38,"column":22}},"loc":{"start":{"line":38,"column":34},"end":{"line":44,"column":1}},"line":38},"2":{"name":"(anonymous_2)","decl":{"start":{"line":41,"column":14},"end":{"line":41,"column":15}},"loc":{"start":{"line":41,"column":29},"end":{"line":41,"column":66}},"line":41},"3":{"name":"(anonymous_3)","decl":{"start":{"line":42,"column":11},"end":{"line":42,"column":12}},"loc":{"start":{"line":42,"column":29},"end":{"line":42,"column":49}},"line":42},"4":{"name":"sendPushNotification","decl":{"start":{"line":46,"column":15},"end":{"line":46,"column":35}},"loc":{"start":{"line":46,"column":67},"end":{"line":61,"column":1}},"line":46},"5":{"name":"sendPushNotifications","decl":{"start":{"line":63,"column":15},"end":{"line":63,"column":36}},"loc":{"start":{"line":63,"column":69},"end":{"line":77,"column":1}},"line":63}},"branchMap":{"0":{"loc":{"start":{"line":6,"column":2},"end":{"line":9,"column":3}},"type":"if","locations":[{"start":{"line":6,"column":2},"end":{"line":9,"column":3}},{"start":{},"end":{}}],"line":6},"1":{"loc":{"start":{"line":6,"column":6},"end":{"line":6,"column":42}},"type":"binary-expr","locations":[{"start":{"line":6,"column":6},"end":{"line":6,"column":17}},{"start":{"line":6,"column":21},"end":{"line":6,"column":42}}],"line":6},"2":{"loc":{"start":{"line":15,"column":4},"end":{"line":28,"column":5}},"type":"if","locations":[{"start":{"line":15,"column":4},"end":{"line":28,"column":5}},{"start":{"line":19,"column":11},"end":{"line":28,"column":5}}],"line":15},"3":{"loc":{"start":{"line":19,"column":11},"end":{"line":28,"column":5}},"type":"if","locations":[{"start":{"line":19,"column":11},"end":{"line":28,"column":5}},{"start":{"line":25,"column":11},"end":{"line":28,"column":5}}],"line":19},"4":{"loc":{"start":{"line":38,"column":23},"end":{"line":38,"column":32}},"type":"default-arg","locations":[{"start":{"line":38,"column":30},"end":{"line":38,"column":32}}],"line":38},"5":{"loc":{"start":{"line":41,"column":29},"end":{"line":41,"column":66}},"type":"binary-expr","locations":[{"start":{"line":41,"column":29},"end":{"line":41,"column":48}},{"start":{"line":41,"column":52},"end":{"line":41,"column":66}}],"line":41},"6":{"loc":{"start":{"line":46,"column":56},"end":{"line":46,"column":65}},"type":"default-arg","locations":[{"start":{"line":46,"column":63},"end":{"line":46,"column":65}}],"line":46},"7":{"loc":{"start":{"line":47,"column":2},"end":{"line":47,"column":26}},"type":"if","locations":[{"start":{"line":47,"column":2},"end":{"line":47,"column":26}},{"start":{},"end":{}}],"line":47},"8":{"loc":{"start":{"line":48,"column":2},"end":{"line":48,"column":46}},"type":"if","locations":[{"start":{"line":48,"column":2},"end":{"line":48,"column":46}},{"start":{},"end":{}}],"line":48},"9":{"loc":{"start":{"line":63,"column":58},"end":{"line":63,"column":67}},"type":"default-arg","locations":[{"start":{"line":63,"column":65},"end":{"line":63,"column":67}}],"line":63},"10":{"loc":{"start":{"line":64,"column":36},"end":{"line":64,"column":77}},"type":"cond-expr","locations":[{"start":{"line":64,"column":60},"end":{"line":64,"column":66}},{"start":{"line":64,"column":69},"end":{"line":64,"column":77}}],"line":64}},"s":{"0":0,"1":0,"2":0,"3":0,"4":0,"5":0,"6":0,"7":0,"8":0,"9":0,"10":0,"11":0,"12":0,"13":0,"14":0,"15":0,"16":0,"17":0,"18":0,"19":0,"20":0,"21":0,"22":0,"23":0,"24":0,"25":0,"26":0,"27":0,"28":0,"29":0,"30":0,"31":0,"32":0,"33":0,"34":0,"35":0},"f":{"0":0,"1":0,"2":0,"3":0,"4":0,"5":0},"b":{"0":[0,0],"1":[0,0],"2":[0,0],"3":[0,0],"4":[0],"5":[0,0],"6":[0],"7":[0,0],"8":[0,0],"9":[0],"10":[0,0]}}
}
