TN:
SF:src\seed.js
FN:7,seedDatabase
FNF:1
FNH:0
FNDA:0,seedDatabase
DA:1,0
DA:2,0
DA:3,0
DA:5,0
DA:8,0
DA:9,0
DA:10,0
DA:17,0
DA:31,0
DA:32,0
DA:33,0
DA:35,0
DA:37,0
DA:38,0
DA:42,0
LF:15
LH:0
BRDA:5,0,0,0
BRDA:5,0,1,0
BRF:2
BRH:0
end_of_record
TN:
SF:src\api\v1\bookings.js
FN:7,(anonymous_0)
FN:20,(anonymous_1)
FN:30,(anonymous_2)
FN:42,(anonymous_3)
FNF:4
FNH:0
FNDA:0,(anonymous_0)
FNDA:0,(anonymous_1)
FNDA:0,(anonymous_2)
FNDA:0,(anonymous_3)
DA:1,0
DA:2,0
DA:3,0
DA:4,0
DA:7,0
DA:8,0
DA:9,0
DA:10,0
DA:12,0
DA:13,0
DA:15,0
DA:20,0
DA:21,0
DA:22,0
DA:23,0
DA:25,0
DA:30,0
DA:31,0
DA:32,0
DA:33,0
DA:34,0
DA:35,0
DA:37,0
DA:42,0
DA:43,0
DA:44,0
DA:45,0
DA:47,0
DA:51,0
LF:29
LH:0
BRDA:10,0,0,0
BRDA:10,1,0,0
BRF:2
BRH:0
end_of_record
TN:
SF:src\api\v1\index.js
FN:11,(anonymous_0)
FN:16,(anonymous_1)
FNF:2
FNH:0
FNDA:0,(anonymous_0)
FNDA:0,(anonymous_1)
DA:1,0
DA:2,0
DA:5,0
DA:8,0
DA:11,0
DA:12,0
DA:16,0
DA:17,0
DA:24,0
LF:9
LH:0
BRF:0
BRH:0
end_of_record
TN:
SF:src\middleware\auth.js
FN:5,(anonymous_0)
FN:26,(anonymous_1)
FN:33,(anonymous_2)
FNF:3
FNH:0
FNDA:0,(anonymous_0)
FNDA:0,(anonymous_1)
FNDA:0,(anonymous_2)
DA:1,0
DA:2,0
DA:4,0
DA:6,0
DA:7,0
DA:8,0
DA:9,0
DA:12,0
DA:13,0
DA:15,0
DA:16,0
DA:19,0
DA:20,0
DA:22,0
DA:27,0
DA:28,0
DA:30,0
DA:34,0
DA:35,0
DA:37,0
DA:41,0
LF:21
LH:0
BRDA:8,0,0,0
BRDA:8,0,1,0
BRDA:12,1,0,0
BRDA:12,1,1,0
BRDA:15,2,0,0
BRDA:15,2,1,0
BRDA:27,3,0,0
BRDA:27,3,1,0
BRDA:34,4,0,0
BRDA:34,4,1,0
BRDA:34,5,0,0
BRDA:34,5,1,0
BRF:12
BRH:0
end_of_record
TN:
SF:src\models\Booking.js
FN:54,(anonymous_0)
FN:62,(anonymous_1)
FN:71,(anonymous_2)
FN:75,(anonymous_3)
FN:79,(anonymous_4)
FN:83,(anonymous_5)
FNF:6
FNH:3
FNDA:3,(anonymous_0)
FNDA:0,(anonymous_1)
FNDA:1,(anonymous_2)
FNDA:0,(anonymous_3)
FNDA:0,(anonymous_4)
FNDA:5,(anonymous_5)
DA:1,2
DA:2,2
DA:4,2
DA:54,2
DA:55,3
DA:56,1
DA:58,3
DA:62,2
DA:63,0
DA:64,0
DA:65,0
DA:67,0
DA:71,2
DA:72,1
DA:75,2
DA:76,0
DA:79,2
DA:80,0
DA:83,2
DA:84,5
DA:91,5
DA:94,2
LF:22
LH:16
BRDA:55,0,0,1
BRDA:55,0,1,2
BRDA:55,1,0,3
BRDA:55,1,1,2
BRDA:55,1,2,1
BRDA:64,2,0,0
BRDA:64,2,1,0
BRDA:64,3,0,0
BRDA:64,3,1,0
BRDA:64,3,2,0
BRDA:91,4,0,5
BRDA:91,4,1,0
BRDA:94,5,0,2
BRDA:94,5,1,2
BRF:14
BRH:8
end_of_record
TN:
SF:src\models\Quote.js
FN:38,(anonymous_0)
FNF:1
FNH:0
FNDA:0,(anonymous_0)
DA:1,0
DA:2,0
DA:4,0
DA:35,0
DA:36,0
DA:38,0
DA:39,0
DA:40,0
DA:43,0
LF:9
LH:0
BRF:0
BRH:0
end_of_record
TN:
SF:src\models\Review.js
FNF:0
FNH:0
DA:1,0
DA:2,0
DA:4,0
DA:34,0
LF:4
LH:0
BRDA:34,0,0,0
BRDA:34,0,1,0
BRF:2
BRH:0
end_of_record
TN:
SF:src\models\Skill.js
FNF:0
FNH:0
DA:1,1
DA:3,1
DA:40,1
LF:3
LH:3
BRF:0
BRH:0
end_of_record
TN:
SF:src\models\User.js
FN:165,(anonymous_0)
FN:179,(anonymous_1)
FN:184,(anonymous_2)
FN:205,(anonymous_3)
FN:212,(anonymous_4)
FN:224,(anonymous_5)
FN:233,(anonymous_6)
FN:234,(anonymous_7)
FN:241,(anonymous_8)
FN:249,(anonymous_9)
FN:253,(anonymous_10)
FN:257,(anonymous_11)
FN:268,(anonymous_12)
FN:292,(anonymous_13)
FNF:14
FNH:1
FNDA:1,(anonymous_0)
FNDA:0,(anonymous_1)
FNDA:0,(anonymous_2)
FNDA:0,(anonymous_3)
FNDA:0,(anonymous_4)
FNDA:0,(anonymous_5)
FNDA:0,(anonymous_6)
FNDA:0,(anonymous_7)
FNDA:0,(anonymous_8)
FNDA:0,(anonymous_9)
FNDA:0,(anonymous_10)
FNDA:0,(anonymous_11)
FNDA:0,(anonymous_12)
FNDA:0,(anonymous_13)
DA:1,1
DA:2,1
DA:4,1
DA:6,1
DA:156,1
DA:157,1
DA:158,1
DA:159,1
DA:160,1
DA:161,1
DA:162,1
DA:165,1
DA:166,1
DA:167,1
DA:168,1
DA:169,1
DA:171,0
DA:174,1
DA:175,1
DA:179,1
DA:180,0
DA:184,1
DA:185,0
DA:186,0
DA:195,0
DA:196,0
DA:198,0
DA:205,1
DA:206,0
DA:207,0
DA:208,0
DA:209,0
DA:212,1
DA:213,0
DA:214,0
DA:216,0
DA:218,0
DA:219,0
DA:220,0
DA:224,1
DA:225,0
DA:226,0
DA:227,0
DA:228,0
DA:230,0
DA:233,1
DA:234,0
DA:235,0
DA:236,0
DA:237,0
DA:241,1
DA:242,0
DA:243,0
DA:244,0
DA:245,0
DA:249,1
DA:250,0
DA:253,1
DA:254,0
DA:257,1
DA:258,0
DA:259,0
DA:261,0
DA:262,0
DA:263,0
DA:264,0
DA:268,1
DA:269,0
DA:292,1
DA:293,0
DA:305,1
LF:71
LH:31
BRDA:166,0,0,1
BRDA:166,0,1,0
BRDA:195,1,0,0
BRDA:195,1,1,0
BRDA:195,2,0,0
BRDA:195,2,1,0
BRDA:196,3,0,0
BRDA:196,3,1,0
BRDA:206,4,0,0
BRDA:206,4,1,0
BRDA:213,5,0,0
BRDA:213,5,1,0
BRDA:225,6,0,0
BRDA:225,6,1,0
BRDA:254,7,0,0
BRDA:254,7,1,0
BRDA:258,8,0,0
BRDA:258,8,1,0
BRDA:305,9,0,1
BRDA:305,9,1,1
BRF:20
BRH:3
end_of_record
TN:
SF:src\notifications\firebase.js
FN:5,initializeFirebase
FN:37,compactData
FN:40,(anonymous_2)
FN:41,(anonymous_3)
FN:45,sendPushToTokens
FN:71,sendPaymentConfirmedNotification
FN:85,sendMessageNotification
FNF:7
FNH:0
FNDA:0,initializeFirebase
FNDA:0,compactData
FNDA:0,(anonymous_2)
FNDA:0,(anonymous_3)
FNDA:0,sendPushToTokens
FNDA:0,sendPaymentConfirmedNotification
FNDA:0,sendMessageNotification
DA:1,0
DA:3,0
DA:6,0
DA:7,0
DA:8,0
DA:11,0
DA:12,0
DA:14,0
DA:15,0
DA:16,0
DA:19,0
DA:21,0
DA:22,0
DA:26,0
DA:27,0
DA:29,0
DA:30,0
DA:32,0
DA:33,0
DA:38,0
DA:40,0
DA:41,0
DA:46,0
DA:47,0
DA:48,0
DA:50,0
DA:63,0
DA:64,0
DA:65,0
DA:68,0
DA:72,0
DA:86,0
DA:87,0
DA:102,0
LF:34
LH:0
BRDA:6,0,0,0
BRDA:6,0,1,0
BRDA:6,1,0,0
BRDA:6,1,1,0
BRDA:15,2,0,0
BRDA:15,2,1,0
BRDA:19,3,0,0
BRDA:19,3,1,0
BRDA:37,4,0,0
BRDA:40,5,0,0
BRDA:40,5,1,0
BRDA:45,6,0,0
BRDA:46,7,0,0
BRDA:46,7,1,0
BRDA:47,8,0,0
BRDA:47,8,1,0
BRDA:48,9,0,0
BRDA:48,9,1,0
BRDA:63,10,0,0
BRDA:63,10,1,0
BRDA:86,11,0,0
BRDA:86,11,1,0
BRDA:90,12,0,0
BRDA:90,12,1,0
BRF:24
BRH:0
end_of_record
TN:
SF:src\reviews\routes.js
FN:6,createReviewRouter
FN:9,(anonymous_1)
FN:37,(anonymous_2)
FN:49,(anonymous_3)
FN:64,updateUserRating
FN:107,publicReview
FNF:6
FNH:0
FNDA:0,createReviewRouter
FNDA:0,(anonymous_1)
FNDA:0,(anonymous_2)
FNDA:0,(anonymous_3)
FNDA:0,updateUserRating
FNDA:0,publicReview
DA:1,0
DA:2,0
DA:3,0
DA:4,0
DA:7,0
DA:9,0
DA:10,0
DA:11,0
DA:12,0
DA:14,0
DA:15,0
DA:17,0
DA:18,0
DA:21,0
DA:29,0
DA:31,0
DA:33,0
DA:37,0
DA:38,0
DA:39,0
DA:43,0
DA:45,0
DA:49,0
DA:50,0
DA:51,0
DA:55,0
DA:57,0
DA:61,0
DA:65,0
DA:66,0
DA:77,0
DA:78,0
DA:79,0
DA:81,0
DA:82,0
DA:83,0
DA:86,0
DA:87,0
DA:88,0
DA:92,0
DA:95,0
DA:104,0
DA:108,0
DA:119,0
LF:44
LH:0
BRDA:11,0,0,0
BRDA:11,0,1,0
BRDA:14,1,0,0
BRDA:14,1,1,0
BRDA:14,2,0,0
BRDA:14,2,1,0
BRDA:14,2,2,0
BRDA:17,3,0,0
BRDA:17,3,1,0
BRDA:17,4,0,0
BRDA:17,4,1,0
BRDA:17,4,2,0
BRDA:26,5,0,0
BRDA:26,5,1,0
BRDA:77,6,0,0
BRDA:77,6,1,0
BRDA:78,7,0,0
BRDA:78,7,1,0
BRDA:82,8,0,0
BRDA:82,8,1,0
BRDA:87,9,0,0
BRDA:87,9,1,0
BRDA:109,10,0,0
BRDA:109,10,1,0
BRDA:114,11,0,0
BRDA:114,11,1,0
BRF:26
BRH:0
end_of_record
TN:
SF:src\routes\admin.js
FN:22,(anonymous_0)
FN:56,(anonymous_1)
FN:156,(anonymous_2)
FN:219,(anonymous_3)
FN:279,(anonymous_4)
FN:322,(anonymous_5)
FN:421,(anonymous_6)
FN:507,(anonymous_7)
FN:571,(anonymous_8)
FN:637,(anonymous_9)
FN:667,(anonymous_10)
FNF:11
FNH:0
FNDA:0,(anonymous_0)
FNDA:0,(anonymous_1)
FNDA:0,(anonymous_2)
FNDA:0,(anonymous_3)
FNDA:0,(anonymous_4)
FNDA:0,(anonymous_5)
FNDA:0,(anonymous_6)
FNDA:0,(anonymous_7)
FNDA:0,(anonymous_8)
FNDA:0,(anonymous_9)
FNDA:0,(anonymous_10)
DA:1,0
DA:2,0
DA:3,0
DA:4,0
DA:5,0
DA:6,0
DA:7,0
DA:8,0
DA:9,0
DA:14,0
DA:15,0
DA:22,0
DA:23,0
DA:24,0
DA:25,0
DA:26,0
DA:27,0
DA:29,0
DA:37,0
DA:39,0
DA:50,0
DA:51,0
DA:56,0
DA:57,0
DA:58,0
DA:59,0
DA:62,0
DA:63,0
DA:69,0
DA:70,0
DA:77,0
DA:78,0
DA:79,0
DA:86,0
DA:87,0
DA:94,0
DA:95,0
DA:96,0
DA:97,0
DA:105,0
DA:106,0
DA:107,0
DA:108,0
DA:116,0
DA:126,0
DA:129,0
DA:130,0
DA:131,0
DA:133,0
DA:134,0
DA:138,0
DA:140,0
DA:147,0
DA:148,0
DA:156,0
DA:157,0
DA:158,0
DA:159,0
DA:162,0
DA:163,0
DA:164,0
DA:171,0
DA:172,0
DA:173,0
DA:180,0
DA:183,0
DA:184,0
DA:185,0
DA:186,0
DA:188,0
DA:191,0
DA:192,0
DA:193,0
DA:194,0
DA:197,0
DA:199,0
DA:206,0
DA:207,0
DA:219,0
DA:220,0
DA:230,0
DA:233,0
DA:236,0
DA:237,0
DA:245,0
DA:246,0
DA:250,0
DA:251,0
DA:252,0
DA:253,0
DA:257,0
DA:258,0
DA:262,0
DA:263,0
DA:266,0
DA:273,0
DA:276,0
DA:279,0
DA:280,0
DA:283,0
DA:284,0
DA:287,0
DA:288,0
DA:290,0
DA:293,0
DA:313,0
DA:314,0
DA:322,0
DA:323,0
DA:324,0
DA:325,0
DA:328,0
DA:329,0
DA:336,0
DA:337,0
DA:344,0
DA:345,0
DA:346,0
DA:353,0
DA:354,0
DA:361,0
DA:362,0
DA:363,0
DA:364,0
DA:372,0
DA:375,0
DA:376,0
DA:377,0
DA:378,0
DA:380,0
DA:383,0
DA:390,0
DA:393,0
DA:395,0
DA:412,0
DA:413,0
DA:421,0
DA:422,0
DA:423,0
DA:424,0
DA:427,0
DA:428,0
DA:435,0
DA:436,0
DA:437,0
DA:444,0
DA:445,0
DA:446,0
DA:453,0
DA:454,0
DA:455,0
DA:456,0
DA:464,0
DA:465,0
DA:472,0
DA:475,0
DA:476,0
DA:477,0
DA:480,0
DA:482,0
DA:494,0
DA:495,0
DA:507,0
DA:508,0
DA:518,0
DA:521,0
DA:523,0
DA:524,0
DA:525,0
DA:527,0
DA:528,0
DA:535,0
DA:536,0
DA:539,0
DA:545,0
DA:547,0
DA:562,0
DA:563,0
DA:571,0
DA:572,0
DA:573,0
DA:574,0
DA:577,0
DA:578,0
DA:585,0
DA:586,0
DA:587,0
DA:594,0
DA:595,0
DA:596,0
DA:603,0
DA:606,0
DA:607,0
DA:608,0
DA:609,0
DA:610,0
DA:612,0
DA:615,0
DA:617,0
DA:624,0
DA:625,0
DA:637,0
DA:638,0
DA:639,0
DA:646,0
DA:647,0
DA:649,0
DA:661,0
DA:662,0
DA:667,0
DA:668,0
DA:678,0
DA:681,0
DA:683,0
DA:684,0
DA:686,0
DA:687,0
DA:688,0
DA:689,0
DA:693,0
DA:694,0
DA:697,0
DA:703,0
DA:705,0
DA:717,0
DA:718,0
DA:728,0
LF:227
LH:0
BRDA:24,0,0,0
BRDA:24,1,0,0
BRDA:26,2,0,0
BRDA:26,2,1,0
BRDA:27,3,0,0
BRDA:27,3,1,0
BRDA:62,4,0,0
BRDA:62,4,1,0
BRDA:62,5,0,0
BRDA:62,5,1,0
BRDA:69,6,0,0
BRDA:69,6,1,0
BRDA:69,7,0,0
BRDA:69,7,1,0
BRDA:78,8,0,0
BRDA:78,8,1,0
BRDA:86,9,0,0
BRDA:86,9,1,0
BRDA:86,10,0,0
BRDA:86,10,1,0
BRDA:94,11,0,0
BRDA:94,11,1,0
BRDA:96,12,0,0
BRDA:96,12,1,0
BRDA:105,13,0,0
BRDA:105,13,1,0
BRDA:107,14,0,0
BRDA:107,14,1,0
BRDA:118,15,0,0
BRDA:118,15,1,0
BRDA:119,16,0,0
BRDA:119,16,1,0
BRDA:122,17,0,0
BRDA:122,17,1,0
BRDA:130,18,0,0
BRDA:130,18,1,0
BRDA:133,19,0,0
BRDA:133,19,1,0
BRDA:163,20,0,0
BRDA:163,20,1,0
BRDA:163,21,0,0
BRDA:163,21,1,0
BRDA:172,22,0,0
BRDA:172,22,1,0
BRDA:183,23,0,0
BRDA:183,23,1,0
BRDA:184,24,0,0
BRDA:184,24,1,0
BRDA:202,25,0,0
BRDA:202,25,1,0
BRDA:202,26,0,0
BRDA:202,26,1,0
BRDA:226,27,0,0
BRDA:227,28,0,0
BRDA:228,29,0,0
BRDA:229,30,0,0
BRDA:236,31,0,0
BRDA:236,31,1,0
BRDA:245,32,0,0
BRDA:245,32,1,0
BRDA:250,33,0,0
BRDA:250,33,1,0
BRDA:252,34,0,0
BRDA:252,34,1,0
BRDA:257,35,0,0
BRDA:257,35,1,0
BRDA:263,36,0,0
BRDA:263,36,1,0
BRDA:305,37,0,0
BRDA:305,37,1,0
BRDA:306,38,0,0
BRDA:306,38,1,0
BRDA:307,39,0,0
BRDA:307,39,1,0
BRDA:308,40,0,0
BRDA:308,40,1,0
BRDA:328,41,0,0
BRDA:328,41,1,0
BRDA:328,42,0,0
BRDA:328,42,1,0
BRDA:336,43,0,0
BRDA:336,43,1,0
BRDA:345,44,0,0
BRDA:345,44,1,0
BRDA:353,45,0,0
BRDA:353,45,1,0
BRDA:361,46,0,0
BRDA:361,46,1,0
BRDA:361,47,0,0
BRDA:361,47,1,0
BRDA:363,48,0,0
BRDA:363,48,1,0
BRDA:376,49,0,0
BRDA:376,49,1,0
BRDA:376,50,0,0
BRDA:376,50,1,0
BRDA:377,51,0,0
BRDA:377,51,1,0
BRDA:383,52,0,0
BRDA:383,52,1,0
BRDA:390,53,0,0
BRDA:390,53,1,0
BRDA:390,54,0,0
BRDA:390,54,1,0
BRDA:408,55,0,0
BRDA:408,55,1,0
BRDA:427,56,0,0
BRDA:427,56,1,0
BRDA:436,57,0,0
BRDA:436,57,1,0
BRDA:445,58,0,0
BRDA:445,58,1,0
BRDA:453,59,0,0
BRDA:453,59,1,0
BRDA:453,60,0,0
BRDA:453,60,1,0
BRDA:455,61,0,0
BRDA:455,61,1,0
BRDA:464,62,0,0
BRDA:464,62,1,0
BRDA:514,63,0,0
BRDA:515,64,0,0
BRDA:516,65,0,0
BRDA:517,66,0,0
BRDA:523,67,0,0
BRDA:523,67,1,0
BRDA:524,68,0,0
BRDA:524,68,1,0
BRDA:525,69,0,0
BRDA:525,69,1,0
BRDA:527,70,0,0
BRDA:527,70,1,0
BRDA:536,71,0,0
BRDA:536,71,1,0
BRDA:577,72,0,0
BRDA:577,72,1,0
BRDA:586,73,0,0
BRDA:586,73,1,0
BRDA:595,74,0,0
BRDA:595,74,1,0
BRDA:607,75,0,0
BRDA:607,75,1,0
BRDA:615,76,0,0
BRDA:615,76,1,0
BRDA:620,77,0,0
BRDA:620,77,1,0
BRDA:674,78,0,0
BRDA:675,79,0,0
BRDA:676,80,0,0
BRDA:677,81,0,0
BRDA:683,82,0,0
BRDA:683,82,1,0
BRDA:684,83,0,0
BRDA:684,83,1,0
BRDA:686,84,0,0
BRDA:686,84,1,0
BRDA:686,85,0,0
BRDA:686,85,1,0
BRDA:688,86,0,0
BRDA:688,86,1,0
BRDA:689,87,0,0
BRDA:689,87,1,0
BRDA:694,88,0,0
BRDA:694,88,1,0
BRF:164
BRH:0
end_of_record
TN:
SF:src\routes\bookings.js
FN:7,(anonymous_0)
FN:15,(anonymous_1)
FN:62,(anonymous_2)
FNF:3
FNH:3
FNDA:1,(anonymous_0)
FNDA:3,(anonymous_1)
FNDA:3,(anonymous_2)
DA:1,1
DA:2,1
DA:3,1
DA:4,1
DA:7,1
DA:8,1
DA:15,1
DA:16,3
DA:17,3
DA:18,3
DA:20,3
DA:23,3
DA:25,3
DA:27,1
DA:39,2
DA:46,2
DA:48,2
DA:51,2
DA:59,2
DA:62,3
DA:81,2
DA:92,0
DA:93,0
DA:100,1
LF:24
LH:22
BRDA:18,0,0,3
BRDA:18,1,0,3
BRDA:25,2,0,1
BRDA:25,2,1,2
BRDA:46,3,0,1
BRDA:46,3,1,1
BRDA:64,4,0,3
BRDA:64,4,1,0
BRDA:65,5,0,3
BRDA:65,5,1,0
BRDA:66,6,0,3
BRDA:66,6,1,0
BRDA:67,7,0,3
BRDA:67,7,1,3
BRDA:68,8,0,3
BRDA:68,8,1,3
BRDA:69,9,0,3
BRDA:69,9,1,3
BRDA:70,10,0,3
BRDA:70,10,1,0
BRDA:71,11,0,3
BRDA:71,11,1,0
BRDA:72,12,0,3
BRDA:72,12,1,3
BRDA:95,13,0,0
BRDA:95,13,1,0
BRF:26
BRH:19
end_of_record
TN:
SF:src\routes\escrow.js
FNF:0
FNH:0
LF:0
LH:0
BRF:0
BRH:0
end_of_record
TN:
SF:src\routes\quoteRoutes.js
FN:8,(anonymous_0)
FN:56,(anonymous_1)
FN:85,(anonymous_2)
FNF:3
FNH:0
FNDA:0,(anonymous_0)
FNDA:0,(anonymous_1)
FNDA:0,(anonymous_2)
DA:1,0
DA:2,0
DA:3,0
DA:4,0
DA:8,0
DA:9,0
DA:10,0
DA:12,0
DA:13,0
DA:19,0
DA:20,0
DA:21,0
DA:27,0
DA:34,0
DA:36,0
DA:37,0
DA:38,0
DA:40,0
DA:47,0
DA:48,0
DA:56,0
DA:57,0
DA:58,0
DA:60,0
DA:63,0
DA:64,0
DA:70,0
DA:76,0
DA:77,0
DA:85,0
DA:86,0
DA:87,0
DA:88,0
DA:90,0
DA:91,0
DA:97,0
DA:98,0
DA:99,0
DA:105,0
DA:106,0
DA:107,0
DA:113,0
DA:114,0
DA:115,0
DA:117,0
DA:118,0
DA:119,0
DA:120,0
DA:121,0
DA:123,0
DA:125,0
DA:132,0
DA:133,0
DA:140,0
LF:54
LH:0
BRDA:12,0,0,0
BRDA:12,0,1,0
BRDA:12,1,0,0
BRDA:12,1,1,0
BRDA:20,2,0,0
BRDA:20,2,1,0
BRDA:63,3,0,0
BRDA:63,3,1,0
BRDA:90,4,0,0
BRDA:90,4,1,0
BRDA:98,5,0,0
BRDA:98,5,1,0
BRDA:106,6,0,0
BRDA:106,6,1,0
BRDA:118,7,0,0
BRDA:118,7,1,0
BRDA:120,8,0,0
BRDA:120,8,1,0
BRDA:128,9,0,0
BRDA:128,9,1,0
BRF:20
BRH:0
end_of_record
TN:
SF:src\routes\skillRoutes.js
FN:8,(anonymous_0)
FN:51,(anonymous_1)
FNF:2
FNH:0
FNDA:0,(anonymous_0)
FNDA:0,(anonymous_1)
DA:1,0
DA:2,0
DA:3,0
DA:8,0
DA:9,0
DA:10,0
DA:11,0
DA:14,0
DA:16,0
DA:41,0
DA:51,0
DA:52,0
DA:53,0
DA:55,0
DA:56,0
DA:62,0
DA:71,0
DA:73,0
DA:80,0
DA:81,0
DA:88,0
LF:21
LH:0
BRDA:10,0,0,0
BRDA:10,0,1,0
BRDA:10,1,0,0
BRDA:10,1,1,0
BRDA:55,2,0,0
BRDA:55,2,1,0
BRDA:55,3,0,0
BRDA:55,3,1,0
BRDA:66,4,0,0
BRDA:66,4,1,0
BRDA:67,5,0,0
BRDA:67,5,1,0
BRF:12
BRH:0
end_of_record
TN:
SF:src\services\booking.service.js
FN:5,(anonymous_0)
FN:27,(anonymous_1)
FN:52,(anonymous_2)
FN:58,(anonymous_3)
FN:70,(anonymous_4)
FN:80,(anonymous_5)
FNF:6
FNH:0
FNDA:0,(anonymous_0)
FNDA:0,(anonymous_1)
FNDA:0,(anonymous_2)
FNDA:0,(anonymous_3)
FNDA:0,(anonymous_4)
FNDA:0,(anonymous_5)
DA:1,0
DA:2,0
DA:6,0
DA:7,0
DA:10,0
DA:13,0
DA:15,0
DA:17,0
DA:25,0
DA:27,0
DA:46,0
DA:53,0
DA:54,0
DA:55,0
DA:59,0
DA:60,0
DA:62,0
DA:63,0
DA:66,0
DA:67,0
DA:71,0
DA:76,0
DA:77,0
DA:81,0
DA:82,0
DA:83,0
DA:85,0
DA:86,0
DA:94,0
DA:95,0
DA:99,0
LF:31
LH:0
BRDA:5,0,0,0
BRDA:5,1,0,0
BRDA:6,2,0,0
BRDA:6,2,1,0
BRDA:13,3,0,0
BRDA:13,3,1,0
BRDA:29,4,0,0
BRDA:29,4,1,0
BRDA:30,5,0,0
BRDA:30,5,1,0
BRDA:31,6,0,0
BRDA:31,6,1,0
BRDA:32,7,0,0
BRDA:32,7,1,0
BRDA:33,8,0,0
BRDA:33,8,1,0
BRDA:34,9,0,0
BRDA:34,9,1,0
BRDA:35,10,0,0
BRDA:35,10,1,0
BRDA:36,11,0,0
BRDA:36,11,1,0
BRDA:37,12,0,0
BRDA:37,12,1,0
BRDA:60,13,0,0
BRDA:60,13,1,0
BRDA:62,14,0,0
BRDA:62,14,1,0
BRDA:62,15,0,0
BRDA:62,15,1,0
BRDA:76,16,0,0
BRDA:76,16,1,0
BRDA:80,17,0,0
BRDA:81,18,0,0
BRDA:81,19,0,0
BRDA:83,20,0,0
BRDA:83,20,1,0
BRF:37
BRH:0
end_of_record
TN:
SF:src\services\groqService.js
FN:4,generateServiceDescription
FNF:1
FNH:0
FNDA:0,generateServiceDescription
DA:6,0
DA:15,0
DA:16,0
DA:19,0
DA:22,0
LF:5
LH:0
BRDA:15,0,0,0
BRDA:15,0,1,0
BRDA:16,1,0,0
BRDA:16,1,1,0
BRF:4
BRH:0
end_of_record
TN:
SF:src\services\notificationService.js
FN:5,initializeFirebaseAdmin
FN:38,stringifyData
FN:41,(anonymous_2)
FN:42,(anonymous_3)
FN:46,sendPushNotification
FN:63,sendPushNotifications
FNF:6
FNH:0
FNDA:0,initializeFirebaseAdmin
FNDA:0,stringifyData
FNDA:0,(anonymous_2)
FNDA:0,(anonymous_3)
FNDA:0,sendPushNotification
FNDA:0,sendPushNotifications
DA:1,0
DA:3,0
DA:6,0
DA:7,0
DA:8,0
DA:11,0
DA:12,0
DA:14,0
DA:15,0
DA:16,0
DA:19,0
DA:21,0
DA:22,0
DA:26,0
DA:27,0
DA:30,0
DA:31,0
DA:33,0
DA:34,0
DA:39,0
DA:41,0
DA:42,0
DA:47,0
DA:48,0
DA:50,0
DA:64,0
DA:65,0
DA:67,0
DA:68,0
DA:69,0
DA:70,0
DA:72,0
DA:76,0
DA:79,0
LF:34
LH:0
BRDA:6,0,0,0
BRDA:6,0,1,0
BRDA:6,1,0,0
BRDA:6,1,1,0
BRDA:15,2,0,0
BRDA:15,2,1,0
BRDA:19,3,0,0
BRDA:19,3,1,0
BRDA:38,4,0,0
BRDA:41,5,0,0
BRDA:41,5,1,0
BRDA:46,6,0,0
BRDA:47,7,0,0
BRDA:47,7,1,0
BRDA:48,8,0,0
BRDA:48,8,1,0
BRDA:63,9,0,0
BRDA:64,10,0,0
BRDA:64,10,1,0
BRF:19
BRH:0
end_of_record
